{"C:\\Users\\ondra\\OneDrive - Gymnázium Opatov, Praha 4, Konstantinova 1500\\Plocha\\restful-sachy\\restful_-achy\\server\\dist\\utils.js": {"path":"C:\\Users\\ondra\\OneDrive - Gymnázium Opatov, Praha 4, Konstantinova 1500\\Plocha\\restful-sachy\\restful_-achy\\server\\dist\\utils.js","statementMap":{"0":{"start":{"line":2,"column":0},"end":{"line":2,"column":62}},"1":{"start":{"line":3,"column":0},"end":{"line":3,"column":105}},"2":{"start":{"line":5,"column":4},"end":{"line":11,"column":5}},"3":{"start":{"line":6,"column":8},"end":{"line":6,"column":47}},"4":{"start":{"line":7,"column":8},"end":{"line":7,"column":21}},"5":{"start":{"line":10,"column":8},"end":{"line":10,"column":20}},"6":{"start":{"line":13,"column":0},"end":{"line":13,"column":46}},"7":{"start":{"line":15,"column":4},"end":{"line":15,"column":42}},"8":{"start":{"line":17,"column":0},"end":{"line":17,"column":38}},"9":{"start":{"line":19,"column":16},"end":{"line":19,"column":51}},"10":{"start":{"line":20,"column":19},"end":{"line":20,"column":42}},"11":{"start":{"line":21,"column":4},"end":{"line":21,"column":27}},"12":{"start":{"line":23,"column":0},"end":{"line":23,"column":38}},"13":{"start":{"line":25,"column":4},"end":{"line":26,"column":73}},"14":{"start":{"line":28,"column":0},"end":{"line":28,"column":34}}},"fnMap":{"0":{"name":"checkInGameBounds","decl":{"start":{"line":4,"column":9},"end":{"line":4,"column":26}},"loc":{"start":{"line":4,"column":34},"end":{"line":12,"column":1}},"line":4},"1":{"name":"coordsToIndex","decl":{"start":{"line":14,"column":9},"end":{"line":14,"column":22}},"loc":{"start":{"line":14,"column":53},"end":{"line":16,"column":1}},"line":14},"2":{"name":"indexToCoords","decl":{"start":{"line":18,"column":9},"end":{"line":18,"column":22}},"loc":{"start":{"line":18,"column":47},"end":{"line":22,"column":1}},"line":18},"3":{"name":"caseMatches","decl":{"start":{"line":24,"column":9},"end":{"line":24,"column":20}},"loc":{"start":{"line":24,"column":35},"end":{"line":27,"column":1}},"line":24}},"branchMap":{"0":{"loc":{"start":{"line":5,"column":4},"end":{"line":11,"column":5}},"type":"if","locations":[{"start":{"line":5,"column":4},"end":{"line":11,"column":5}},{"start":{"line":9,"column":9},"end":{"line":11,"column":5}}],"line":5},"1":{"loc":{"start":{"line":5,"column":8},"end":{"line":5,"column":32}},"type":"binary-expr","locations":[{"start":{"line":5,"column":8},"end":{"line":5,"column":17}},{"start":{"line":5,"column":21},"end":{"line":5,"column":32}}],"line":5},"2":{"loc":{"start":{"line":25,"column":11},"end":{"line":26,"column":72}},"type":"binary-expr","locations":[{"start":{"line":25,"column":12},"end":{"line":25,"column":41}},{"start":{"line":25,"column":45},"end":{"line":25,"column":74}},{"start":{"line":26,"column":9},"end":{"line":26,"column":38}},{"start":{"line":26,"column":42},"end":{"line":26,"column":71}}],"line":25}},"s":{"0":6,"1":6,"2":0,"3":0,"4":0,"5":0,"6":6,"7":0,"8":6,"9":0,"10":0,"11":0,"12":6,"13":0,"14":6},"f":{"0":0,"1":0,"2":0,"3":0},"b":{"0":[0,0],"1":[0,0],"2":[0,0,0,0]},"_coverageSchema":"1a1c01bbd47fc00a2c39e90264f33305004495a9","hash":"40bee7979bf09ee990c1e2f4f7e6d3477e530cc1"}
,"C:\\Users\\ondra\\OneDrive - Gymnázium Opatov, Praha 4, Konstantinova 1500\\Plocha\\restful-sachy\\restful_-achy\\server\\dist\\grid\\cell.js": {"path":"C:\\Users\\ondra\\OneDrive - Gymnázium Opatov, Praha 4, Konstantinova 1500\\Plocha\\restful-sachy\\restful_-achy\\server\\dist\\grid\\cell.js","statementMap":{"0":{"start":{"line":2,"column":0},"end":{"line":2,"column":62}},"1":{"start":{"line":5,"column":8},"end":{"line":5,"column":27}},"2":{"start":{"line":6,"column":8},"end":{"line":6,"column":38}},"3":{"start":{"line":7,"column":8},"end":{"line":7,"column":27}},"4":{"start":{"line":18,"column":8},"end":{"line":18,"column":36}},"5":{"start":{"line":19,"column":8},"end":{"line":19,"column":68}},"6":{"start":{"line":22,"column":0},"end":{"line":22,"column":23}}},"fnMap":{"0":{"name":"(anonymous_0)","decl":{"start":{"line":4,"column":4},"end":{"line":4,"column":5}},"loc":{"start":{"line":4,"column":42},"end":{"line":8,"column":5}},"line":4},"1":{"name":"(anonymous_1)","decl":{"start":{"line":9,"column":4},"end":{"line":9,"column":5}},"loc":{"start":{"line":9,"column":26},"end":{"line":20,"column":5}},"line":9}},"branchMap":{},"s":{"0":6,"1":0,"2":0,"3":0,"4":0,"5":0,"6":6},"f":{"0":0,"1":0},"b":{},"_coverageSchema":"1a1c01bbd47fc00a2c39e90264f33305004495a9","hash":"1f7d0d7127c48d869a8bbf63d3bb163fe34d3469"}
,"C:\\Users\\ondra\\OneDrive - Gymnázium Opatov, Praha 4, Konstantinova 1500\\Plocha\\restful-sachy\\restful_-achy\\server\\dist\\grid\\grid.js": {"path":"C:\\Users\\ondra\\OneDrive - Gymnázium Opatov, Praha 4, Konstantinova 1500\\Plocha\\restful-sachy\\restful_-achy\\server\\dist\\grid\\grid.js","statementMap":{"0":{"start":{"line":2,"column":22},"end":{"line":4,"column":1}},"1":{"start":{"line":3,"column":4},"end":{"line":3,"column":62}},"2":{"start":{"line":5,"column":0},"end":{"line":5,"column":62}},"3":{"start":{"line":6,"column":15},"end":{"line":6,"column":49}},"4":{"start":{"line":7,"column":16},"end":{"line":7,"column":35}},"5":{"start":{"line":8,"column":23},"end":{"line":8,"column":73}},"6":{"start":{"line":9,"column":17},"end":{"line":9,"column":61}},"7":{"start":{"line":10,"column":17},"end":{"line":10,"column":61}},"8":{"start":{"line":11,"column":15},"end":{"line":11,"column":57}},"9":{"start":{"line":12,"column":16},"end":{"line":12,"column":59}},"10":{"start":{"line":13,"column":15},"end":{"line":13,"column":57}},"11":{"start":{"line":14,"column":15},"end":{"line":14,"column":57}},"12":{"start":{"line":17,"column":8},"end":{"line":17,"column":29}},"13":{"start":{"line":18,"column":8},"end":{"line":18,"column":27}},"14":{"start":{"line":19,"column":8},"end":{"line":19,"column":58}},"15":{"start":{"line":23,"column":8},"end":{"line":46,"column":9}},"16":{"start":{"line":24,"column":12},"end":{"line":24,"column":36}},"17":{"start":{"line":26,"column":13},"end":{"line":46,"column":9}},"18":{"start":{"line":27,"column":12},"end":{"line":27,"column":34}},"19":{"start":{"line":29,"column":13},"end":{"line":46,"column":9}},"20":{"start":{"line":30,"column":12},"end":{"line":30,"column":35}},"21":{"start":{"line":32,"column":13},"end":{"line":46,"column":9}},"22":{"start":{"line":33,"column":12},"end":{"line":33,"column":34}},"23":{"start":{"line":35,"column":13},"end":{"line":46,"column":9}},"24":{"start":{"line":36,"column":12},"end":{"line":36,"column":34}},"25":{"start":{"line":38,"column":13},"end":{"line":46,"column":9}},"26":{"start":{"line":39,"column":12},"end":{"line":39,"column":36}},"27":{"start":{"line":41,"column":13},"end":{"line":46,"column":9}},"28":{"start":{"line":42,"column":12},"end":{"line":42,"column":42}},"29":{"start":{"line":45,"column":12},"end":{"line":45,"column":24}},"30":{"start":{"line":49,"column":22},"end":{"line":49,"column":24}},"31":{"start":{"line":50,"column":8},"end":{"line":66,"column":9}},"32":{"start":{"line":50,"column":21},"end":{"line":50,"column":22}},"33":{"start":{"line":51,"column":12},"end":{"line":54,"column":13}},"34":{"start":{"line":52,"column":16},"end":{"line":52,"column":57}},"35":{"start":{"line":53,"column":16},"end":{"line":53,"column":22}},"36":{"start":{"line":55,"column":30},"end":{"line":55,"column":71}},"37":{"start":{"line":57,"column":12},"end":{"line":64,"column":13}},"38":{"start":{"line":58,"column":30},"end":{"line":58,"column":93}},"39":{"start":{"line":59,"column":33},"end":{"line":59,"column":56}},"40":{"start":{"line":60,"column":16},"end":{"line":60,"column":72}},"41":{"start":{"line":63,"column":16},"end":{"line":63,"column":68}},"42":{"start":{"line":65,"column":12},"end":{"line":65,"column":32}},"43":{"start":{"line":67,"column":8},"end":{"line":67,"column":21}},"44":{"start":{"line":71,"column":8},"end":{"line":82,"column":11}},"45":{"start":{"line":72,"column":32},"end":{"line":72,"column":47}},"46":{"start":{"line":73,"column":12},"end":{"line":75,"column":13}},"47":{"start":{"line":74,"column":16},"end":{"line":74,"column":23}},"48":{"start":{"line":77,"column":26},"end":{"line":77,"column":87}},"49":{"start":{"line":79,"column":12},"end":{"line":79,"column":42}},"50":{"start":{"line":81,"column":12},"end":{"line":81,"column":66}},"51":{"start":{"line":85,"column":8},"end":{"line":87,"column":9}},"52":{"start":{"line":86,"column":12},"end":{"line":86,"column":37}},"53":{"start":{"line":90,"column":8},"end":{"line":92,"column":9}},"54":{"start":{"line":91,"column":12},"end":{"line":91,"column":43}},"55":{"start":{"line":96,"column":8},"end":{"line":108,"column":9}},"56":{"start":{"line":98,"column":30},"end":{"line":98,"column":58}},"57":{"start":{"line":99,"column":30},"end":{"line":99,"column":52}},"58":{"start":{"line":100,"column":12},"end":{"line":100,"column":51}},"59":{"start":{"line":101,"column":12},"end":{"line":101,"column":46}},"60":{"start":{"line":102,"column":12},"end":{"line":102,"column":45}},"61":{"start":{"line":103,"column":12},"end":{"line":103,"column":42}},"62":{"start":{"line":104,"column":12},"end":{"line":106,"column":13}},"63":{"start":{"line":105,"column":16},"end":{"line":105,"column":48}},"64":{"start":{"line":112,"column":8},"end":{"line":112,"column":64}},"65":{"start":{"line":112,"column":45},"end":{"line":112,"column":61}},"66":{"start":{"line":116,"column":8},"end":{"line":116,"column":58}},"67":{"start":{"line":116,"column":45},"end":{"line":116,"column":55}},"68":{"start":{"line":119,"column":0},"end":{"line":119,"column":23}}},"fnMap":{"0":{"name":"(anonymous_0)","decl":{"start":{"line":2,"column":56},"end":{"line":2,"column":57}},"loc":{"start":{"line":2,"column":71},"end":{"line":4,"column":1}},"line":2},"1":{"name":"(anonymous_1)","decl":{"start":{"line":16,"column":4},"end":{"line":16,"column":5}},"loc":{"start":{"line":16,"column":42},"end":{"line":20,"column":5}},"line":16},"2":{"name":"(anonymous_2)","decl":{"start":{"line":21,"column":4},"end":{"line":21,"column":5}},"loc":{"start":{"line":21,"column":39},"end":{"line":47,"column":5}},"line":21},"3":{"name":"(anonymous_3)","decl":{"start":{"line":48,"column":4},"end":{"line":48,"column":5}},"loc":{"start":{"line":48,"column":36},"end":{"line":68,"column":5}},"line":48},"4":{"name":"(anonymous_4)","decl":{"start":{"line":69,"column":4},"end":{"line":69,"column":5}},"loc":{"start":{"line":69,"column":32},"end":{"line":83,"column":5}},"line":69},"5":{"name":"(anonymous_5)","decl":{"start":{"line":71,"column":27},"end":{"line":71,"column":28}},"loc":{"start":{"line":71,"column":44},"end":{"line":82,"column":9}},"line":71},"6":{"name":"(anonymous_6)","decl":{"start":{"line":84,"column":4},"end":{"line":84,"column":5}},"loc":{"start":{"line":84,"column":26},"end":{"line":88,"column":5}},"line":84},"7":{"name":"(anonymous_7)","decl":{"start":{"line":89,"column":4},"end":{"line":89,"column":5}},"loc":{"start":{"line":89,"column":27},"end":{"line":93,"column":5}},"line":89},"8":{"name":"(anonymous_8)","decl":{"start":{"line":94,"column":4},"end":{"line":94,"column":5}},"loc":{"start":{"line":94,"column":23},"end":{"line":109,"column":5}},"line":94},"9":{"name":"(anonymous_9)","decl":{"start":{"line":110,"column":4},"end":{"line":110,"column":5}},"loc":{"start":{"line":110,"column":14},"end":{"line":113,"column":5}},"line":110},"10":{"name":"(anonymous_10)","decl":{"start":{"line":112,"column":35},"end":{"line":112,"column":36}},"loc":{"start":{"line":112,"column":45},"end":{"line":112,"column":61}},"line":112},"11":{"name":"(anonymous_11)","decl":{"start":{"line":114,"column":4},"end":{"line":114,"column":5}},"loc":{"start":{"line":114,"column":16},"end":{"line":117,"column":5}},"line":114},"12":{"name":"(anonymous_12)","decl":{"start":{"line":116,"column":35},"end":{"line":116,"column":36}},"loc":{"start":{"line":116,"column":45},"end":{"line":116,"column":55}},"line":116}},"branchMap":{"0":{"loc":{"start":{"line":2,"column":22},"end":{"line":4,"column":1}},"type":"binary-expr","locations":[{"start":{"line":2,"column":23},"end":{"line":2,"column":27}},{"start":{"line":2,"column":31},"end":{"line":2,"column":51}},{"start":{"line":2,"column":56},"end":{"line":4,"column":1}}],"line":2},"1":{"loc":{"start":{"line":3,"column":11},"end":{"line":3,"column":61}},"type":"cond-expr","locations":[{"start":{"line":3,"column":37},"end":{"line":3,"column":40}},{"start":{"line":3,"column":43},"end":{"line":3,"column":61}}],"line":3},"2":{"loc":{"start":{"line":3,"column":12},"end":{"line":3,"column":33}},"type":"binary-expr","locations":[{"start":{"line":3,"column":12},"end":{"line":3,"column":15}},{"start":{"line":3,"column":19},"end":{"line":3,"column":33}}],"line":3},"3":{"loc":{"start":{"line":23,"column":8},"end":{"line":46,"column":9}},"type":"if","locations":[{"start":{"line":23,"column":8},"end":{"line":46,"column":9}},{"start":{"line":26,"column":13},"end":{"line":46,"column":9}}],"line":23},"4":{"loc":{"start":{"line":26,"column":13},"end":{"line":46,"column":9}},"type":"if","locations":[{"start":{"line":26,"column":13},"end":{"line":46,"column":9}},{"start":{"line":29,"column":13},"end":{"line":46,"column":9}}],"line":26},"5":{"loc":{"start":{"line":29,"column":13},"end":{"line":46,"column":9}},"type":"if","locations":[{"start":{"line":29,"column":13},"end":{"line":46,"column":9}},{"start":{"line":32,"column":13},"end":{"line":46,"column":9}}],"line":29},"6":{"loc":{"start":{"line":32,"column":13},"end":{"line":46,"column":9}},"type":"if","locations":[{"start":{"line":32,"column":13},"end":{"line":46,"column":9}},{"start":{"line":35,"column":13},"end":{"line":46,"column":9}}],"line":32},"7":{"loc":{"start":{"line":35,"column":13},"end":{"line":46,"column":9}},"type":"if","locations":[{"start":{"line":35,"column":13},"end":{"line":46,"column":9}},{"start":{"line":38,"column":13},"end":{"line":46,"column":9}}],"line":35},"8":{"loc":{"start":{"line":38,"column":13},"end":{"line":46,"column":9}},"type":"if","locations":[{"start":{"line":38,"column":13},"end":{"line":46,"column":9}},{"start":{"line":41,"column":13},"end":{"line":46,"column":9}}],"line":38},"9":{"loc":{"start":{"line":41,"column":13},"end":{"line":46,"column":9}},"type":"if","locations":[{"start":{"line":41,"column":13},"end":{"line":46,"column":9}},{"start":{"line":44,"column":13},"end":{"line":46,"column":9}}],"line":41},"10":{"loc":{"start":{"line":51,"column":12},"end":{"line":54,"column":13}},"type":"if","locations":[{"start":{"line":51,"column":12},"end":{"line":54,"column":13}},{"start":{},"end":{}}],"line":51},"11":{"loc":{"start":{"line":57,"column":12},"end":{"line":64,"column":13}},"type":"if","locations":[{"start":{"line":57,"column":12},"end":{"line":64,"column":13}},{"start":{"line":62,"column":17},"end":{"line":64,"column":13}}],"line":57},"12":{"loc":{"start":{"line":58,"column":30},"end":{"line":58,"column":93}},"type":"cond-expr","locations":[{"start":{"line":58,"column":76},"end":{"line":58,"column":83}},{"start":{"line":58,"column":86},"end":{"line":58,"column":93}}],"line":58},"13":{"loc":{"start":{"line":73,"column":12},"end":{"line":75,"column":13}},"type":"if","locations":[{"start":{"line":73,"column":12},"end":{"line":75,"column":13}},{"start":{},"end":{}}],"line":73},"14":{"loc":{"start":{"line":73,"column":16},"end":{"line":73,"column":51}},"type":"binary-expr","locations":[{"start":{"line":73,"column":16},"end":{"line":73,"column":36}},{"start":{"line":73,"column":40},"end":{"line":73,"column":51}}],"line":73},"15":{"loc":{"start":{"line":77,"column":26},"end":{"line":77,"column":87}},"type":"cond-expr","locations":[{"start":{"line":77,"column":70},"end":{"line":77,"column":77}},{"start":{"line":77,"column":80},"end":{"line":77,"column":87}}],"line":77},"16":{"loc":{"start":{"line":85,"column":8},"end":{"line":87,"column":9}},"type":"if","locations":[{"start":{"line":85,"column":8},"end":{"line":87,"column":9}},{"start":{},"end":{}}],"line":85},"17":{"loc":{"start":{"line":90,"column":8},"end":{"line":92,"column":9}},"type":"if","locations":[{"start":{"line":90,"column":8},"end":{"line":92,"column":9}},{"start":{},"end":{}}],"line":90},"18":{"loc":{"start":{"line":96,"column":8},"end":{"line":108,"column":9}},"type":"if","locations":[{"start":{"line":96,"column":8},"end":{"line":108,"column":9}},{"start":{},"end":{}}],"line":96},"19":{"loc":{"start":{"line":96,"column":12},"end":{"line":96,"column":86}},"type":"binary-expr","locations":[{"start":{"line":96,"column":12},"end":{"line":96,"column":48}},{"start":{"line":96,"column":52},"end":{"line":96,"column":86}}],"line":96},"20":{"loc":{"start":{"line":104,"column":12},"end":{"line":106,"column":13}},"type":"if","locations":[{"start":{"line":104,"column":12},"end":{"line":106,"column":13}},{"start":{},"end":{}}],"line":104}},"s":{"0":6,"1":48,"2":6,"3":6,"4":6,"5":6,"6":6,"7":6,"8":6,"9":6,"10":6,"11":6,"12":0,"13":0,"14":0,"15":0,"16":0,"17":0,"18":0,"19":0,"20":0,"21":0,"22":0,"23":0,"24":0,"25":0,"26":0,"27":0,"28":0,"29":0,"30":0,"31":0,"32":0,"33":0,"34":0,"35":0,"36":0,"37":0,"38":0,"39":0,"40":0,"41":0,"42":0,"43":0,"44":0,"45":0,"46":0,"47":0,"48":0,"49":0,"50":0,"51":0,"52":0,"53":0,"54":0,"55":0,"56":0,"57":0,"58":0,"59":0,"60":0,"61":0,"62":0,"63":0,"64":0,"65":0,"66":0,"67":0,"68":6},"f":{"0":48,"1":0,"2":0,"3":0,"4":0,"5":0,"6":0,"7":0,"8":0,"9":0,"10":0,"11":0,"12":0},"b":{"0":[6,6,6],"1":[48,0],"2":[48,48],"3":[0,0],"4":[0,0],"5":[0,0],"6":[0,0],"7":[0,0],"8":[0,0],"9":[0,0],"10":[0,0],"11":[0,0],"12":[0,0],"13":[0,0],"14":[0,0],"15":[0,0],"16":[0,0],"17":[0,0],"18":[0,0],"19":[0,0],"20":[0,0]},"_coverageSchema":"1a1c01bbd47fc00a2c39e90264f33305004495a9","hash":"23d8bc48e7815afbd0407b11c11c576eeb227944"}
,"C:\\Users\\ondra\\OneDrive - Gymnázium Opatov, Praha 4, Konstantinova 1500\\Plocha\\restful-sachy\\restful_-achy\\server\\dist\\movement_components\\diagonal_move.js": {"path":"C:\\Users\\ondra\\OneDrive - Gymnázium Opatov, Praha 4, Konstantinova 1500\\Plocha\\restful-sachy\\restful_-achy\\server\\dist\\movement_components\\diagonal_move.js","statementMap":{"0":{"start":{"line":2,"column":0},"end":{"line":2,"column":62}},"1":{"start":{"line":3,"column":31},"end":{"line":57,"column":1}},"2":{"start":{"line":4,"column":4},"end":{"line":7,"column":5}},"3":{"start":{"line":5,"column":8},"end":{"line":5,"column":49}},"4":{"start":{"line":6,"column":8},"end":{"line":6,"column":18}},"5":{"start":{"line":8,"column":16},"end":{"line":8,"column":45}},"6":{"start":{"line":9,"column":16},"end":{"line":9,"column":33}},"7":{"start":{"line":10,"column":26},"end":{"line":10,"column":28}},"8":{"start":{"line":12,"column":29},"end":{"line":17,"column":5}},"9":{"start":{"line":18,"column":4},"end":{"line":54,"column":7}},"10":{"start":{"line":21,"column":8},"end":{"line":53,"column":9}},"11":{"start":{"line":22,"column":43},"end":{"line":22,"column":70}},"12":{"start":{"line":23,"column":12},"end":{"line":49,"column":13}},"13":{"start":{"line":23,"column":25},"end":{"line":23,"column":26}},"14":{"start":{"line":24,"column":31},"end":{"line":24,"column":50}},"15":{"start":{"line":25,"column":31},"end":{"line":25,"column":50}},"16":{"start":{"line":26,"column":16},"end":{"line":28,"column":17}},"17":{"start":{"line":27,"column":20},"end":{"line":27,"column":26}},"18":{"start":{"line":29,"column":30},"end":{"line":29,"column":49}},"19":{"start":{"line":30,"column":16},"end":{"line":48,"column":17}},"20":{"start":{"line":32,"column":40},"end":{"line":32,"column":214}},"21":{"start":{"line":33,"column":20},"end":{"line":36,"column":21}},"22":{"start":{"line":34,"column":24},"end":{"line":34,"column":80}},"23":{"start":{"line":35,"column":24},"end":{"line":35,"column":30}},"24":{"start":{"line":37,"column":47},"end":{"line":37,"column":108}},"25":{"start":{"line":38,"column":20},"end":{"line":44,"column":21}},"26":{"start":{"line":39,"column":24},"end":{"line":39,"column":50}},"27":{"start":{"line":40,"column":24},"end":{"line":40,"column":30}},"28":{"start":{"line":43,"column":24},"end":{"line":43,"column":30}},"29":{"start":{"line":47,"column":20},"end":{"line":47,"column":46}},"30":{"start":{"line":52,"column":12},"end":{"line":52,"column":108}},"31":{"start":{"line":55,"column":4},"end":{"line":55,"column":46}},"32":{"start":{"line":56,"column":4},"end":{"line":56,"column":25}},"33":{"start":{"line":58,"column":0},"end":{"line":58,"column":41}}},"fnMap":{"0":{"name":"(anonymous_0)","decl":{"start":{"line":3,"column":31},"end":{"line":3,"column":32}},"loc":{"start":{"line":3,"column":149},"end":{"line":57,"column":1}},"line":3},"1":{"name":"(anonymous_1)","decl":{"start":{"line":18,"column":23},"end":{"line":18,"column":24}},"loc":{"start":{"line":18,"column":38},"end":{"line":54,"column":5}},"line":18}},"branchMap":{"0":{"loc":{"start":{"line":3,"column":67},"end":{"line":3,"column":76}},"type":"default-arg","locations":[{"start":{"line":3,"column":75},"end":{"line":3,"column":76}}],"line":3},"1":{"loc":{"start":{"line":3,"column":78},"end":{"line":3,"column":141}},"type":"default-arg","locations":[{"start":{"line":3,"column":91},"end":{"line":3,"column":141}}],"line":3},"2":{"loc":{"start":{"line":4,"column":4},"end":{"line":7,"column":5}},"type":"if","locations":[{"start":{"line":4,"column":4},"end":{"line":7,"column":5}},{"start":{},"end":{}}],"line":4},"3":{"loc":{"start":{"line":21,"column":8},"end":{"line":53,"column":9}},"type":"if","locations":[{"start":{"line":21,"column":8},"end":{"line":53,"column":9}},{"start":{"line":51,"column":13},"end":{"line":53,"column":9}}],"line":21},"4":{"loc":{"start":{"line":26,"column":16},"end":{"line":28,"column":17}},"type":"if","locations":[{"start":{"line":26,"column":16},"end":{"line":28,"column":17}},{"start":{},"end":{}}],"line":26},"5":{"loc":{"start":{"line":26,"column":20},"end":{"line":26,"column":74}},"type":"binary-expr","locations":[{"start":{"line":26,"column":20},"end":{"line":26,"column":30}},{"start":{"line":26,"column":34},"end":{"line":26,"column":45}},{"start":{"line":26,"column":49},"end":{"line":26,"column":59}},{"start":{"line":26,"column":63},"end":{"line":26,"column":74}}],"line":26},"6":{"loc":{"start":{"line":30,"column":16},"end":{"line":48,"column":17}},"type":"if","locations":[{"start":{"line":30,"column":16},"end":{"line":48,"column":17}},{"start":{"line":46,"column":21},"end":{"line":48,"column":17}}],"line":30},"7":{"loc":{"start":{"line":30,"column":20},"end":{"line":31,"column":57}},"type":"binary-expr","locations":[{"start":{"line":30,"column":20},"end":{"line":30,"column":52}},{"start":{"line":31,"column":20},"end":{"line":31,"column":57}}],"line":30},"8":{"loc":{"start":{"line":32,"column":40},"end":{"line":32,"column":214}},"type":"cond-expr","locations":[{"start":{"line":32,"column":190},"end":{"line":32,"column":196}},{"start":{"line":32,"column":199},"end":{"line":32,"column":214}}],"line":32},"9":{"loc":{"start":{"line":32,"column":40},"end":{"line":32,"column":187}},"type":"binary-expr","locations":[{"start":{"line":32,"column":40},"end":{"line":32,"column":170}},{"start":{"line":32,"column":174},"end":{"line":32,"column":187}}],"line":32},"10":{"loc":{"start":{"line":32,"column":46},"end":{"line":32,"column":160}},"type":"cond-expr","locations":[{"start":{"line":32,"column":143},"end":{"line":32,"column":149}},{"start":{"line":32,"column":152},"end":{"line":32,"column":160}}],"line":32},"11":{"loc":{"start":{"line":32,"column":46},"end":{"line":32,"column":140}},"type":"binary-expr","locations":[{"start":{"line":32,"column":46},"end":{"line":32,"column":123}},{"start":{"line":32,"column":127},"end":{"line":32,"column":140}}],"line":32},"12":{"loc":{"start":{"line":32,"column":52},"end":{"line":32,"column":113}},"type":"cond-expr","locations":[{"start":{"line":32,"column":87},"end":{"line":32,"column":93}},{"start":{"line":32,"column":96},"end":{"line":32,"column":113}}],"line":32},"13":{"loc":{"start":{"line":32,"column":52},"end":{"line":32,"column":84}},"type":"binary-expr","locations":[{"start":{"line":32,"column":52},"end":{"line":32,"column":65}},{"start":{"line":32,"column":69},"end":{"line":32,"column":84}}],"line":32},"14":{"loc":{"start":{"line":33,"column":20},"end":{"line":36,"column":21}},"type":"if","locations":[{"start":{"line":33,"column":20},"end":{"line":36,"column":21}},{"start":{},"end":{}}],"line":33},"15":{"loc":{"start":{"line":37,"column":47},"end":{"line":37,"column":108}},"type":"cond-expr","locations":[{"start":{"line":37,"column":91},"end":{"line":37,"column":98}},{"start":{"line":37,"column":101},"end":{"line":37,"column":108}}],"line":37},"16":{"loc":{"start":{"line":38,"column":20},"end":{"line":44,"column":21}},"type":"if","locations":[{"start":{"line":38,"column":20},"end":{"line":44,"column":21}},{"start":{"line":42,"column":25},"end":{"line":44,"column":21}}],"line":38}},"s":{"0":6,"1":6,"2":0,"3":0,"4":0,"5":0,"6":0,"7":0,"8":0,"9":0,"10":0,"11":0,"12":0,"13":0,"14":0,"15":0,"16":0,"17":0,"18":0,"19":0,"20":0,"21":0,"22":0,"23":0,"24":0,"25":0,"26":0,"27":0,"28":0,"29":0,"30":0,"31":0,"32":0,"33":6},"f":{"0":0,"1":0},"b":{"0":[0],"1":[0],"2":[0,0],"3":[0,0],"4":[0,0],"5":[0,0,0,0],"6":[0,0],"7":[0,0],"8":[0,0],"9":[0,0],"10":[0,0],"11":[0,0],"12":[0,0],"13":[0,0],"14":[0,0],"15":[0,0],"16":[0,0]},"_coverageSchema":"1a1c01bbd47fc00a2c39e90264f33305004495a9","hash":"6bf9a94ed97762c0e77f66393325ec934d8a2a58"}
,"C:\\Users\\ondra\\OneDrive - Gymnázium Opatov, Praha 4, Konstantinova 1500\\Plocha\\restful-sachy\\restful_-achy\\server\\dist\\movement_components\\l_shape_move.js": {"path":"C:\\Users\\ondra\\OneDrive - Gymnázium Opatov, Praha 4, Konstantinova 1500\\Plocha\\restful-sachy\\restful_-achy\\server\\dist\\movement_components\\l_shape_move.js","statementMap":{"0":{"start":{"line":2,"column":0},"end":{"line":2,"column":62}},"1":{"start":{"line":3,"column":29},"end":{"line":44,"column":1}},"2":{"start":{"line":4,"column":16},"end":{"line":4,"column":45}},"3":{"start":{"line":5,"column":16},"end":{"line":5,"column":33}},"4":{"start":{"line":6,"column":26},"end":{"line":6,"column":28}},"5":{"start":{"line":7,"column":23},"end":{"line":16,"column":5}},"6":{"start":{"line":17,"column":4},"end":{"line":41,"column":7}},"7":{"start":{"line":19,"column":23},"end":{"line":19,"column":38}},"8":{"start":{"line":20,"column":23},"end":{"line":20,"column":38}},"9":{"start":{"line":21,"column":8},"end":{"line":40,"column":9}},"10":{"start":{"line":22,"column":26},"end":{"line":22,"column":45}},"11":{"start":{"line":23,"column":30},"end":{"line":23,"column":59}},"12":{"start":{"line":25,"column":12},"end":{"line":39,"column":13}},"13":{"start":{"line":26,"column":36},"end":{"line":26,"column":119}},"14":{"start":{"line":27,"column":16},"end":{"line":35,"column":17}},"15":{"start":{"line":28,"column":20},"end":{"line":28,"column":76}},"16":{"start":{"line":31,"column":47},"end":{"line":31,"column":108}},"17":{"start":{"line":32,"column":20},"end":{"line":34,"column":21}},"18":{"start":{"line":33,"column":24},"end":{"line":33,"column":50}},"19":{"start":{"line":38,"column":16},"end":{"line":38,"column":42}},"20":{"start":{"line":42,"column":4},"end":{"line":42,"column":46}},"21":{"start":{"line":43,"column":4},"end":{"line":43,"column":25}},"22":{"start":{"line":45,"column":0},"end":{"line":45,"column":39}}},"fnMap":{"0":{"name":"(anonymous_0)","decl":{"start":{"line":3,"column":29},"end":{"line":3,"column":30}},"loc":{"start":{"line":3,"column":71},"end":{"line":44,"column":1}},"line":3},"1":{"name":"(anonymous_1)","decl":{"start":{"line":17,"column":23},"end":{"line":17,"column":24}},"loc":{"start":{"line":17,"column":63},"end":{"line":41,"column":5}},"line":17}},"branchMap":{"0":{"loc":{"start":{"line":21,"column":8},"end":{"line":40,"column":9}},"type":"if","locations":[{"start":{"line":21,"column":8},"end":{"line":40,"column":9}},{"start":{},"end":{}}],"line":21},"1":{"loc":{"start":{"line":21,"column":12},"end":{"line":21,"column":66}},"type":"binary-expr","locations":[{"start":{"line":21,"column":12},"end":{"line":21,"column":23}},{"start":{"line":21,"column":27},"end":{"line":21,"column":37}},{"start":{"line":21,"column":41},"end":{"line":21,"column":52}},{"start":{"line":21,"column":56},"end":{"line":21,"column":66}}],"line":21},"2":{"loc":{"start":{"line":25,"column":12},"end":{"line":39,"column":13}},"type":"if","locations":[{"start":{"line":25,"column":12},"end":{"line":39,"column":13}},{"start":{"line":37,"column":17},"end":{"line":39,"column":13}}],"line":25},"3":{"loc":{"start":{"line":25,"column":16},"end":{"line":25,"column":89}},"type":"binary-expr","locations":[{"start":{"line":25,"column":16},"end":{"line":25,"column":48}},{"start":{"line":25,"column":52},"end":{"line":25,"column":89}}],"line":25},"4":{"loc":{"start":{"line":26,"column":36},"end":{"line":26,"column":119}},"type":"cond-expr","locations":[{"start":{"line":26,"column":95},"end":{"line":26,"column":101}},{"start":{"line":26,"column":104},"end":{"line":26,"column":119}}],"line":26},"5":{"loc":{"start":{"line":26,"column":36},"end":{"line":26,"column":92}},"type":"binary-expr","locations":[{"start":{"line":26,"column":36},"end":{"line":26,"column":75}},{"start":{"line":26,"column":79},"end":{"line":26,"column":92}}],"line":26},"6":{"loc":{"start":{"line":27,"column":16},"end":{"line":35,"column":17}},"type":"if","locations":[{"start":{"line":27,"column":16},"end":{"line":35,"column":17}},{"start":{"line":30,"column":21},"end":{"line":35,"column":17}}],"line":27},"7":{"loc":{"start":{"line":31,"column":47},"end":{"line":31,"column":108}},"type":"cond-expr","locations":[{"start":{"line":31,"column":91},"end":{"line":31,"column":98}},{"start":{"line":31,"column":101},"end":{"line":31,"column":108}}],"line":31},"8":{"loc":{"start":{"line":32,"column":20},"end":{"line":34,"column":21}},"type":"if","locations":[{"start":{"line":32,"column":20},"end":{"line":34,"column":21}},{"start":{},"end":{}}],"line":32}},"s":{"0":6,"1":6,"2":0,"3":0,"4":0,"5":0,"6":0,"7":0,"8":0,"9":0,"10":0,"11":0,"12":0,"13":0,"14":0,"15":0,"16":0,"17":0,"18":0,"19":0,"20":0,"21":0,"22":6},"f":{"0":0,"1":0},"b":{"0":[0,0],"1":[0,0,0,0],"2":[0,0],"3":[0,0],"4":[0,0],"5":[0,0],"6":[0,0],"7":[0,0],"8":[0,0]},"_coverageSchema":"1a1c01bbd47fc00a2c39e90264f33305004495a9","hash":"8b8875dfed30d3013e893c2e2635b97bef7d53b2"}
,"C:\\Users\\ondra\\OneDrive - Gymnázium Opatov, Praha 4, Konstantinova 1500\\Plocha\\restful-sachy\\restful_-achy\\server\\dist\\movement_components\\pawn_diagonal_component.js": {"path":"C:\\Users\\ondra\\OneDrive - Gymnázium Opatov, Praha 4, Konstantinova 1500\\Plocha\\restful-sachy\\restful_-achy\\server\\dist\\movement_components\\pawn_diagonal_component.js","statementMap":{"0":{"start":{"line":2,"column":22},"end":{"line":4,"column":1}},"1":{"start":{"line":3,"column":4},"end":{"line":3,"column":62}},"2":{"start":{"line":5,"column":0},"end":{"line":5,"column":62}},"3":{"start":{"line":6,"column":24},"end":{"line":6,"column":67}},"4":{"start":{"line":7,"column":34},"end":{"line":26,"column":1}},"5":{"start":{"line":8,"column":28},"end":{"line":8,"column":29}},"6":{"start":{"line":10,"column":27},"end":{"line":10,"column":105}},"7":{"start":{"line":11,"column":24},"end":{"line":18,"column":6}},"8":{"start":{"line":19,"column":26},"end":{"line":23,"column":6}},"9":{"start":{"line":20,"column":26},"end":{"line":20,"column":52}},"10":{"start":{"line":22,"column":8},"end":{"line":22,"column":81}},"11":{"start":{"line":24,"column":4},"end":{"line":24,"column":73}},"12":{"start":{"line":25,"column":4},"end":{"line":25,"column":25}},"13":{"start":{"line":27,"column":0},"end":{"line":27,"column":44}}},"fnMap":{"0":{"name":"(anonymous_0)","decl":{"start":{"line":2,"column":56},"end":{"line":2,"column":57}},"loc":{"start":{"line":2,"column":71},"end":{"line":4,"column":1}},"line":2},"1":{"name":"(anonymous_1)","decl":{"start":{"line":7,"column":34},"end":{"line":7,"column":35}},"loc":{"start":{"line":7,"column":101},"end":{"line":26,"column":1}},"line":7},"2":{"name":"(anonymous_2)","decl":{"start":{"line":19,"column":47},"end":{"line":19,"column":48}},"loc":{"start":{"line":19,"column":57},"end":{"line":23,"column":5}},"line":19}},"branchMap":{"0":{"loc":{"start":{"line":2,"column":22},"end":{"line":4,"column":1}},"type":"binary-expr","locations":[{"start":{"line":2,"column":23},"end":{"line":2,"column":27}},{"start":{"line":2,"column":31},"end":{"line":2,"column":51}},{"start":{"line":2,"column":56},"end":{"line":4,"column":1}}],"line":2},"1":{"loc":{"start":{"line":3,"column":11},"end":{"line":3,"column":61}},"type":"cond-expr","locations":[{"start":{"line":3,"column":37},"end":{"line":3,"column":40}},{"start":{"line":3,"column":43},"end":{"line":3,"column":61}}],"line":3},"2":{"loc":{"start":{"line":3,"column":12},"end":{"line":3,"column":33}},"type":"binary-expr","locations":[{"start":{"line":3,"column":12},"end":{"line":3,"column":15}},{"start":{"line":3,"column":19},"end":{"line":3,"column":33}}],"line":3},"3":{"loc":{"start":{"line":10,"column":27},"end":{"line":10,"column":105}},"type":"cond-expr","locations":[{"start":{"line":10,"column":52},"end":{"line":10,"column":75}},{"start":{"line":10,"column":78},"end":{"line":10,"column":105}}],"line":10},"4":{"loc":{"start":{"line":22,"column":15},"end":{"line":22,"column":80}},"type":"binary-expr","locations":[{"start":{"line":22,"column":15},"end":{"line":22,"column":33}},{"start":{"line":22,"column":37},"end":{"line":22,"column":60}},{"start":{"line":22,"column":64},"end":{"line":22,"column":80}}],"line":22}},"s":{"0":6,"1":6,"2":6,"3":6,"4":6,"5":0,"6":0,"7":0,"8":0,"9":0,"10":0,"11":0,"12":0,"13":6},"f":{"0":6,"1":0,"2":0},"b":{"0":[6,6,6],"1":[6,0],"2":[6,6],"3":[0,0],"4":[0,0,0]},"_coverageSchema":"1a1c01bbd47fc00a2c39e90264f33305004495a9","hash":"041ae00ed4caac3f1c5b202a6e3be458da44697b"}
,"C:\\Users\\ondra\\OneDrive - Gymnázium Opatov, Praha 4, Konstantinova 1500\\Plocha\\restful-sachy\\restful_-achy\\server\\dist\\movement_components\\pawn_foward_component.js": {"path":"C:\\Users\\ondra\\OneDrive - Gymnázium Opatov, Praha 4, Konstantinova 1500\\Plocha\\restful-sachy\\restful_-achy\\server\\dist\\movement_components\\pawn_foward_component.js","statementMap":{"0":{"start":{"line":2,"column":22},"end":{"line":4,"column":1}},"1":{"start":{"line":3,"column":4},"end":{"line":3,"column":62}},"2":{"start":{"line":5,"column":0},"end":{"line":5,"column":62}},"3":{"start":{"line":6,"column":27},"end":{"line":6,"column":73}},"4":{"start":{"line":7,"column":34},"end":{"line":19,"column":1}},"5":{"start":{"line":8,"column":28},"end":{"line":8,"column":41}},"6":{"start":{"line":9,"column":24},"end":{"line":16,"column":6}},"7":{"start":{"line":17,"column":4},"end":{"line":17,"column":73}},"8":{"start":{"line":18,"column":4},"end":{"line":18,"column":25}},"9":{"start":{"line":20,"column":0},"end":{"line":20,"column":44}}},"fnMap":{"0":{"name":"(anonymous_0)","decl":{"start":{"line":2,"column":56},"end":{"line":2,"column":57}},"loc":{"start":{"line":2,"column":71},"end":{"line":4,"column":1}},"line":2},"1":{"name":"(anonymous_1)","decl":{"start":{"line":7,"column":34},"end":{"line":7,"column":35}},"loc":{"start":{"line":7,"column":101},"end":{"line":19,"column":1}},"line":7}},"branchMap":{"0":{"loc":{"start":{"line":2,"column":22},"end":{"line":4,"column":1}},"type":"binary-expr","locations":[{"start":{"line":2,"column":23},"end":{"line":2,"column":27}},{"start":{"line":2,"column":31},"end":{"line":2,"column":51}},{"start":{"line":2,"column":56},"end":{"line":4,"column":1}}],"line":2},"1":{"loc":{"start":{"line":3,"column":11},"end":{"line":3,"column":61}},"type":"cond-expr","locations":[{"start":{"line":3,"column":37},"end":{"line":3,"column":40}},{"start":{"line":3,"column":43},"end":{"line":3,"column":61}}],"line":3},"2":{"loc":{"start":{"line":3,"column":12},"end":{"line":3,"column":33}},"type":"binary-expr","locations":[{"start":{"line":3,"column":12},"end":{"line":3,"column":15}},{"start":{"line":3,"column":19},"end":{"line":3,"column":33}}],"line":3},"3":{"loc":{"start":{"line":8,"column":28},"end":{"line":8,"column":41}},"type":"cond-expr","locations":[{"start":{"line":8,"column":36},"end":{"line":8,"column":37}},{"start":{"line":8,"column":40},"end":{"line":8,"column":41}}],"line":8},"4":{"loc":{"start":{"line":14,"column":20},"end":{"line":14,"column":61}},"type":"cond-expr","locations":[{"start":{"line":14,"column":44},"end":{"line":14,"column":50}},{"start":{"line":14,"column":53},"end":{"line":14,"column":61}}],"line":14}},"s":{"0":6,"1":6,"2":6,"3":6,"4":6,"5":0,"6":0,"7":0,"8":0,"9":6},"f":{"0":6,"1":0},"b":{"0":[6,6,6],"1":[6,0],"2":[6,6],"3":[0,0],"4":[0,0]},"_coverageSchema":"1a1c01bbd47fc00a2c39e90264f33305004495a9","hash":"268dcc221cfe78ac796826e5bca1842eb75d0b4a"}
,"C:\\Users\\ondra\\OneDrive - Gymnázium Opatov, Praha 4, Konstantinova 1500\\Plocha\\restful-sachy\\restful_-achy\\server\\dist\\movement_components\\straightMoveComp.js": {"path":"C:\\Users\\ondra\\OneDrive - Gymnázium Opatov, Praha 4, Konstantinova 1500\\Plocha\\restful-sachy\\restful_-achy\\server\\dist\\movement_components\\straightMoveComp.js","statementMap":{"0":{"start":{"line":2,"column":0},"end":{"line":2,"column":62}},"1":{"start":{"line":3,"column":31},"end":{"line":55,"column":1}},"2":{"start":{"line":4,"column":16},"end":{"line":4,"column":45}},"3":{"start":{"line":5,"column":16},"end":{"line":5,"column":33}},"4":{"start":{"line":6,"column":26},"end":{"line":6,"column":28}},"5":{"start":{"line":8,"column":29},"end":{"line":13,"column":5}},"6":{"start":{"line":15,"column":23},"end":{"line":15,"column":74}},"7":{"start":{"line":16,"column":4},"end":{"line":52,"column":7}},"8":{"start":{"line":19,"column":8},"end":{"line":51,"column":9}},"9":{"start":{"line":20,"column":55},"end":{"line":20,"column":82}},"10":{"start":{"line":21,"column":12},"end":{"line":47,"column":13}},"11":{"start":{"line":21,"column":25},"end":{"line":21,"column":26}},"12":{"start":{"line":22,"column":31},"end":{"line":22,"column":50}},"13":{"start":{"line":23,"column":31},"end":{"line":23,"column":50}},"14":{"start":{"line":24,"column":16},"end":{"line":26,"column":17}},"15":{"start":{"line":25,"column":20},"end":{"line":25,"column":26}},"16":{"start":{"line":27,"column":30},"end":{"line":27,"column":49}},"17":{"start":{"line":28,"column":16},"end":{"line":46,"column":17}},"18":{"start":{"line":30,"column":40},"end":{"line":30,"column":214}},"19":{"start":{"line":31,"column":20},"end":{"line":34,"column":21}},"20":{"start":{"line":32,"column":24},"end":{"line":32,"column":80}},"21":{"start":{"line":33,"column":24},"end":{"line":33,"column":30}},"22":{"start":{"line":35,"column":47},"end":{"line":35,"column":108}},"23":{"start":{"line":36,"column":20},"end":{"line":42,"column":21}},"24":{"start":{"line":37,"column":24},"end":{"line":37,"column":50}},"25":{"start":{"line":38,"column":24},"end":{"line":38,"column":30}},"26":{"start":{"line":41,"column":24},"end":{"line":41,"column":30}},"27":{"start":{"line":45,"column":20},"end":{"line":45,"column":46}},"28":{"start":{"line":50,"column":12},"end":{"line":50,"column":61}},"29":{"start":{"line":53,"column":4},"end":{"line":53,"column":73}},"30":{"start":{"line":54,"column":4},"end":{"line":54,"column":25}},"31":{"start":{"line":56,"column":0},"end":{"line":56,"column":41}}},"fnMap":{"0":{"name":"(anonymous_0)","decl":{"start":{"line":3,"column":31},"end":{"line":3,"column":32}},"loc":{"start":{"line":3,"column":126},"end":{"line":55,"column":1}},"line":3},"1":{"name":"(anonymous_1)","decl":{"start":{"line":16,"column":23},"end":{"line":16,"column":24}},"loc":{"start":{"line":16,"column":38},"end":{"line":52,"column":5}},"line":16}},"branchMap":{"0":{"loc":{"start":{"line":3,"column":74},"end":{"line":3,"column":118}},"type":"default-arg","locations":[{"start":{"line":3,"column":87},"end":{"line":3,"column":118}}],"line":3},"1":{"loc":{"start":{"line":15,"column":23},"end":{"line":15,"column":74}},"type":"cond-expr","locations":[{"start":{"line":15,"column":60},"end":{"line":15,"column":65}},{"start":{"line":15,"column":68},"end":{"line":15,"column":74}}],"line":15},"2":{"loc":{"start":{"line":15,"column":23},"end":{"line":15,"column":57}},"type":"binary-expr","locations":[{"start":{"line":15,"column":23},"end":{"line":15,"column":37}},{"start":{"line":15,"column":41},"end":{"line":15,"column":57}}],"line":15},"3":{"loc":{"start":{"line":19,"column":8},"end":{"line":51,"column":9}},"type":"if","locations":[{"start":{"line":19,"column":8},"end":{"line":51,"column":9}},{"start":{"line":49,"column":13},"end":{"line":51,"column":9}}],"line":19},"4":{"loc":{"start":{"line":24,"column":16},"end":{"line":26,"column":17}},"type":"if","locations":[{"start":{"line":24,"column":16},"end":{"line":26,"column":17}},{"start":{},"end":{}}],"line":24},"5":{"loc":{"start":{"line":24,"column":20},"end":{"line":24,"column":74}},"type":"binary-expr","locations":[{"start":{"line":24,"column":20},"end":{"line":24,"column":30}},{"start":{"line":24,"column":34},"end":{"line":24,"column":45}},{"start":{"line":24,"column":49},"end":{"line":24,"column":59}},{"start":{"line":24,"column":63},"end":{"line":24,"column":74}}],"line":24},"6":{"loc":{"start":{"line":28,"column":16},"end":{"line":46,"column":17}},"type":"if","locations":[{"start":{"line":28,"column":16},"end":{"line":46,"column":17}},{"start":{"line":44,"column":21},"end":{"line":46,"column":17}}],"line":28},"7":{"loc":{"start":{"line":28,"column":20},"end":{"line":29,"column":57}},"type":"binary-expr","locations":[{"start":{"line":28,"column":20},"end":{"line":28,"column":52}},{"start":{"line":29,"column":20},"end":{"line":29,"column":57}}],"line":28},"8":{"loc":{"start":{"line":30,"column":40},"end":{"line":30,"column":214}},"type":"cond-expr","locations":[{"start":{"line":30,"column":190},"end":{"line":30,"column":196}},{"start":{"line":30,"column":199},"end":{"line":30,"column":214}}],"line":30},"9":{"loc":{"start":{"line":30,"column":40},"end":{"line":30,"column":187}},"type":"binary-expr","locations":[{"start":{"line":30,"column":40},"end":{"line":30,"column":170}},{"start":{"line":30,"column":174},"end":{"line":30,"column":187}}],"line":30},"10":{"loc":{"start":{"line":30,"column":46},"end":{"line":30,"column":160}},"type":"cond-expr","locations":[{"start":{"line":30,"column":143},"end":{"line":30,"column":149}},{"start":{"line":30,"column":152},"end":{"line":30,"column":160}}],"line":30},"11":{"loc":{"start":{"line":30,"column":46},"end":{"line":30,"column":140}},"type":"binary-expr","locations":[{"start":{"line":30,"column":46},"end":{"line":30,"column":123}},{"start":{"line":30,"column":127},"end":{"line":30,"column":140}}],"line":30},"12":{"loc":{"start":{"line":30,"column":52},"end":{"line":30,"column":113}},"type":"cond-expr","locations":[{"start":{"line":30,"column":87},"end":{"line":30,"column":93}},{"start":{"line":30,"column":96},"end":{"line":30,"column":113}}],"line":30},"13":{"loc":{"start":{"line":30,"column":52},"end":{"line":30,"column":84}},"type":"binary-expr","locations":[{"start":{"line":30,"column":52},"end":{"line":30,"column":65}},{"start":{"line":30,"column":69},"end":{"line":30,"column":84}}],"line":30},"14":{"loc":{"start":{"line":31,"column":20},"end":{"line":34,"column":21}},"type":"if","locations":[{"start":{"line":31,"column":20},"end":{"line":34,"column":21}},{"start":{},"end":{}}],"line":31},"15":{"loc":{"start":{"line":35,"column":47},"end":{"line":35,"column":108}},"type":"cond-expr","locations":[{"start":{"line":35,"column":91},"end":{"line":35,"column":98}},{"start":{"line":35,"column":101},"end":{"line":35,"column":108}}],"line":35},"16":{"loc":{"start":{"line":36,"column":20},"end":{"line":42,"column":21}},"type":"if","locations":[{"start":{"line":36,"column":20},"end":{"line":42,"column":21}},{"start":{"line":40,"column":25},"end":{"line":42,"column":21}}],"line":36}},"s":{"0":6,"1":6,"2":0,"3":0,"4":0,"5":0,"6":0,"7":0,"8":0,"9":0,"10":0,"11":0,"12":0,"13":0,"14":0,"15":0,"16":0,"17":0,"18":0,"19":0,"20":0,"21":0,"22":0,"23":0,"24":0,"25":0,"26":0,"27":0,"28":0,"29":0,"30":0,"31":6},"f":{"0":0,"1":0},"b":{"0":[0],"1":[0,0],"2":[0,0],"3":[0,0],"4":[0,0],"5":[0,0,0,0],"6":[0,0],"7":[0,0],"8":[0,0],"9":[0,0],"10":[0,0],"11":[0,0],"12":[0,0],"13":[0,0],"14":[0,0],"15":[0,0],"16":[0,0]},"_coverageSchema":"1a1c01bbd47fc00a2c39e90264f33305004495a9","hash":"0a6795fe4e969f3280430aca24f6147fae7473aa"}
,"C:\\Users\\ondra\\OneDrive - Gymnázium Opatov, Praha 4, Konstantinova 1500\\Plocha\\restful-sachy\\restful_-achy\\server\\dist\\movement_components\\castling\\castling.js": {"path":"C:\\Users\\ondra\\OneDrive - Gymnázium Opatov, Praha 4, Konstantinova 1500\\Plocha\\restful-sachy\\restful_-achy\\server\\dist\\movement_components\\castling\\castling.js","statementMap":{"0":{"start":{"line":2,"column":22},"end":{"line":4,"column":1}},"1":{"start":{"line":3,"column":4},"end":{"line":3,"column":62}},"2":{"start":{"line":5,"column":0},"end":{"line":5,"column":62}},"3":{"start":{"line":6,"column":27},"end":{"line":6,"column":74}},"4":{"start":{"line":7,"column":26},"end":{"line":68,"column":1}},"5":{"start":{"line":8,"column":4},"end":{"line":10,"column":5}},"6":{"start":{"line":9,"column":8},"end":{"line":9,"column":18}},"7":{"start":{"line":11,"column":25},"end":{"line":11,"column":99}},"8":{"start":{"line":12,"column":26},"end":{"line":12,"column":100}},"9":{"start":{"line":13,"column":28},"end":{"line":13,"column":69}},"10":{"start":{"line":14,"column":29},"end":{"line":14,"column":70}},"11":{"start":{"line":15,"column":21},"end":{"line":22,"column":6}},"12":{"start":{"line":24,"column":8},"end":{"line":24,"column":26}},"13":{"start":{"line":25,"column":8},"end":{"line":27,"column":9}},"14":{"start":{"line":26,"column":12},"end":{"line":26,"column":25}},"15":{"start":{"line":28,"column":30},"end":{"line":28,"column":63}},"16":{"start":{"line":29,"column":8},"end":{"line":31,"column":9}},"17":{"start":{"line":30,"column":12},"end":{"line":30,"column":25}},"18":{"start":{"line":32,"column":8},"end":{"line":32,"column":20}},"19":{"start":{"line":36,"column":8},"end":{"line":36,"column":165}},"20":{"start":{"line":37,"column":8},"end":{"line":40,"column":9}},"21":{"start":{"line":38,"column":12},"end":{"line":38,"column":29}},"22":{"start":{"line":39,"column":12},"end":{"line":39,"column":25}},"23":{"start":{"line":41,"column":8},"end":{"line":44,"column":9}},"24":{"start":{"line":42,"column":12},"end":{"line":42,"column":29}},"25":{"start":{"line":43,"column":12},"end":{"line":43,"column":25}},"26":{"start":{"line":45,"column":8},"end":{"line":45,"column":20}},"27":{"start":{"line":48,"column":8},"end":{"line":51,"column":9}},"28":{"start":{"line":49,"column":12},"end":{"line":49,"column":27}},"29":{"start":{"line":50,"column":12},"end":{"line":50,"column":25}},"30":{"start":{"line":52,"column":8},"end":{"line":55,"column":9}},"31":{"start":{"line":53,"column":12},"end":{"line":53,"column":27}},"32":{"start":{"line":54,"column":12},"end":{"line":54,"column":25}},"33":{"start":{"line":56,"column":8},"end":{"line":56,"column":20}},"34":{"start":{"line":58,"column":4},"end":{"line":58,"column":32}},"35":{"start":{"line":59,"column":24},"end":{"line":59,"column":26}},"36":{"start":{"line":60,"column":4},"end":{"line":62,"column":5}},"37":{"start":{"line":61,"column":8},"end":{"line":61,"column":49}},"38":{"start":{"line":63,"column":4},"end":{"line":65,"column":5}},"39":{"start":{"line":64,"column":8},"end":{"line":64,"column":50}},"40":{"start":{"line":66,"column":4},"end":{"line":66,"column":85}},"41":{"start":{"line":67,"column":4},"end":{"line":67,"column":25}},"42":{"start":{"line":69,"column":0},"end":{"line":69,"column":36}}},"fnMap":{"0":{"name":"(anonymous_0)","decl":{"start":{"line":2,"column":56},"end":{"line":2,"column":57}},"loc":{"start":{"line":2,"column":71},"end":{"line":4,"column":1}},"line":2},"1":{"name":"(anonymous_1)","decl":{"start":{"line":7,"column":26},"end":{"line":7,"column":27}},"loc":{"start":{"line":7,"column":114},"end":{"line":68,"column":1}},"line":7},"2":{"name":"checkIsCorrectRook","decl":{"start":{"line":23,"column":13},"end":{"line":23,"column":31}},"loc":{"start":{"line":23,"column":50},"end":{"line":33,"column":5}},"line":23},"3":{"name":"checkLongCastle","decl":{"start":{"line":35,"column":13},"end":{"line":35,"column":28}},"loc":{"start":{"line":35,"column":31},"end":{"line":46,"column":5}},"line":35},"4":{"name":"checkShortCastle","decl":{"start":{"line":47,"column":13},"end":{"line":47,"column":29}},"loc":{"start":{"line":47,"column":32},"end":{"line":57,"column":5}},"line":47}},"branchMap":{"0":{"loc":{"start":{"line":2,"column":22},"end":{"line":4,"column":1}},"type":"binary-expr","locations":[{"start":{"line":2,"column":23},"end":{"line":2,"column":27}},{"start":{"line":2,"column":31},"end":{"line":2,"column":51}},{"start":{"line":2,"column":56},"end":{"line":4,"column":1}}],"line":2},"1":{"loc":{"start":{"line":3,"column":11},"end":{"line":3,"column":61}},"type":"cond-expr","locations":[{"start":{"line":3,"column":37},"end":{"line":3,"column":40}},{"start":{"line":3,"column":43},"end":{"line":3,"column":61}}],"line":3},"2":{"loc":{"start":{"line":3,"column":12},"end":{"line":3,"column":33}},"type":"binary-expr","locations":[{"start":{"line":3,"column":12},"end":{"line":3,"column":15}},{"start":{"line":3,"column":19},"end":{"line":3,"column":33}}],"line":3},"3":{"loc":{"start":{"line":7,"column":69},"end":{"line":7,"column":99}},"type":"default-arg","locations":[{"start":{"line":7,"column":82},"end":{"line":7,"column":99}}],"line":7},"4":{"loc":{"start":{"line":8,"column":4},"end":{"line":10,"column":5}},"type":"if","locations":[{"start":{"line":8,"column":4},"end":{"line":10,"column":5}},{"start":{},"end":{}}],"line":8},"5":{"loc":{"start":{"line":11,"column":25},"end":{"line":11,"column":99}},"type":"cond-expr","locations":[{"start":{"line":11,"column":49},"end":{"line":11,"column":73}},{"start":{"line":11,"column":76},"end":{"line":11,"column":99}}],"line":11},"6":{"loc":{"start":{"line":12,"column":26},"end":{"line":12,"column":100}},"type":"cond-expr","locations":[{"start":{"line":12,"column":50},"end":{"line":12,"column":74}},{"start":{"line":12,"column":77},"end":{"line":12,"column":100}}],"line":12},"7":{"loc":{"start":{"line":13,"column":28},"end":{"line":13,"column":69}},"type":"cond-expr","locations":[{"start":{"line":13,"column":52},"end":{"line":13,"column":60}},{"start":{"line":13,"column":63},"end":{"line":13,"column":69}}],"line":13},"8":{"loc":{"start":{"line":14,"column":29},"end":{"line":14,"column":70}},"type":"cond-expr","locations":[{"start":{"line":14,"column":53},"end":{"line":14,"column":61}},{"start":{"line":14,"column":64},"end":{"line":14,"column":70}}],"line":14},"9":{"loc":{"start":{"line":25,"column":8},"end":{"line":27,"column":9}},"type":"if","locations":[{"start":{"line":25,"column":8},"end":{"line":27,"column":9}},{"start":{},"end":{}}],"line":25},"10":{"loc":{"start":{"line":25,"column":12},"end":{"line":25,"column":47}},"type":"binary-expr","locations":[{"start":{"line":25,"column":12},"end":{"line":25,"column":25}},{"start":{"line":25,"column":29},"end":{"line":25,"column":47}}],"line":25},"11":{"loc":{"start":{"line":28,"column":30},"end":{"line":28,"column":63}},"type":"cond-expr","locations":[{"start":{"line":28,"column":54},"end":{"line":28,"column":57}},{"start":{"line":28,"column":60},"end":{"line":28,"column":63}}],"line":28},"12":{"loc":{"start":{"line":29,"column":8},"end":{"line":31,"column":9}},"type":"if","locations":[{"start":{"line":29,"column":8},"end":{"line":31,"column":9}},{"start":{},"end":{}}],"line":29},"13":{"loc":{"start":{"line":37,"column":8},"end":{"line":40,"column":9}},"type":"if","locations":[{"start":{"line":37,"column":8},"end":{"line":40,"column":9}},{"start":{},"end":{}}],"line":37},"14":{"loc":{"start":{"line":41,"column":8},"end":{"line":44,"column":9}},"type":"if","locations":[{"start":{"line":41,"column":8},"end":{"line":44,"column":9}},{"start":{},"end":{}}],"line":41},"15":{"loc":{"start":{"line":48,"column":8},"end":{"line":51,"column":9}},"type":"if","locations":[{"start":{"line":48,"column":8},"end":{"line":51,"column":9}},{"start":{},"end":{}}],"line":48},"16":{"loc":{"start":{"line":52,"column":8},"end":{"line":55,"column":9}},"type":"if","locations":[{"start":{"line":52,"column":8},"end":{"line":55,"column":9}},{"start":{},"end":{}}],"line":52},"17":{"loc":{"start":{"line":60,"column":4},"end":{"line":62,"column":5}},"type":"if","locations":[{"start":{"line":60,"column":4},"end":{"line":62,"column":5}},{"start":{},"end":{}}],"line":60},"18":{"loc":{"start":{"line":63,"column":4},"end":{"line":65,"column":5}},"type":"if","locations":[{"start":{"line":63,"column":4},"end":{"line":65,"column":5}},{"start":{},"end":{}}],"line":63}},"s":{"0":6,"1":6,"2":6,"3":6,"4":6,"5":0,"6":0,"7":0,"8":0,"9":0,"10":0,"11":0,"12":0,"13":0,"14":0,"15":0,"16":0,"17":0,"18":0,"19":0,"20":0,"21":0,"22":0,"23":0,"24":0,"25":0,"26":0,"27":0,"28":0,"29":0,"30":0,"31":0,"32":0,"33":0,"34":0,"35":0,"36":0,"37":0,"38":0,"39":0,"40":0,"41":0,"42":6},"f":{"0":6,"1":0,"2":0,"3":0,"4":0},"b":{"0":[6,6,6],"1":[6,0],"2":[6,6],"3":[0],"4":[0,0],"5":[0,0],"6":[0,0],"7":[0,0],"8":[0,0],"9":[0,0],"10":[0,0],"11":[0,0],"12":[0,0],"13":[0,0],"14":[0,0],"15":[0,0],"16":[0,0],"17":[0,0],"18":[0,0]},"_coverageSchema":"1a1c01bbd47fc00a2c39e90264f33305004495a9","hash":"7d3893d97ffd99ff4739da236c00246eba283a92"}
,"C:\\Users\\ondra\\OneDrive - Gymnázium Opatov, Praha 4, Konstantinova 1500\\Plocha\\restful-sachy\\restful_-achy\\server\\dist\\movement_components\\castling\\castlingExecutrer.js": {"path":"C:\\Users\\ondra\\OneDrive - Gymnázium Opatov, Praha 4, Konstantinova 1500\\Plocha\\restful-sachy\\restful_-achy\\server\\dist\\movement_components\\castling\\castlingExecutrer.js","statementMap":{"0":{"start":{"line":2,"column":22},"end":{"line":4,"column":1}},"1":{"start":{"line":3,"column":4},"end":{"line":3,"column":62}},"2":{"start":{"line":5,"column":0},"end":{"line":5,"column":62}},"3":{"start":{"line":6,"column":0},"end":{"line":6,"column":35}},"4":{"start":{"line":7,"column":23},"end":{"line":7,"column":76}},"5":{"start":{"line":10,"column":8},"end":{"line":10,"column":28}},"6":{"start":{"line":11,"column":8},"end":{"line":11,"column":43}},"7":{"start":{"line":12,"column":8},"end":{"line":21,"column":10}},"8":{"start":{"line":24,"column":8},"end":{"line":24,"column":67}},"9":{"start":{"line":25,"column":8},"end":{"line":25,"column":78}},"10":{"start":{"line":28,"column":8},"end":{"line":28,"column":36}},"11":{"start":{"line":29,"column":8},"end":{"line":31,"column":9}},"12":{"start":{"line":30,"column":12},"end":{"line":30,"column":19}},"13":{"start":{"line":32,"column":32},"end":{"line":32,"column":76}},"14":{"start":{"line":33,"column":8},"end":{"line":35,"column":9}},"15":{"start":{"line":34,"column":12},"end":{"line":34,"column":19}},"16":{"start":{"line":36,"column":34},"end":{"line":36,"column":93}},"17":{"start":{"line":37,"column":8},"end":{"line":39,"column":9}},"18":{"start":{"line":38,"column":12},"end":{"line":38,"column":73}},"19":{"start":{"line":42,"column":8},"end":{"line":42,"column":55}},"20":{"start":{"line":45,"column":8},"end":{"line":47,"column":9}},"21":{"start":{"line":46,"column":12},"end":{"line":46,"column":24}},"22":{"start":{"line":48,"column":8},"end":{"line":62,"column":9}},"23":{"start":{"line":49,"column":12},"end":{"line":52,"column":14}},"24":{"start":{"line":54,"column":13},"end":{"line":62,"column":9}},"25":{"start":{"line":55,"column":12},"end":{"line":58,"column":14}},"26":{"start":{"line":61,"column":12},"end":{"line":61,"column":24}},"27":{"start":{"line":65,"column":0},"end":{"line":65,"column":35}},"28":{"start":{"line":68,"column":8},"end":{"line":68,"column":55}},"29":{"start":{"line":71,"column":0},"end":{"line":71,"column":46}}},"fnMap":{"0":{"name":"(anonymous_0)","decl":{"start":{"line":2,"column":56},"end":{"line":2,"column":57}},"loc":{"start":{"line":2,"column":71},"end":{"line":4,"column":1}},"line":2},"1":{"name":"(anonymous_1)","decl":{"start":{"line":9,"column":4},"end":{"line":9,"column":5}},"loc":{"start":{"line":9,"column":30},"end":{"line":22,"column":5}},"line":9},"2":{"name":"(anonymous_2)","decl":{"start":{"line":23,"column":4},"end":{"line":23,"column":5}},"loc":{"start":{"line":23,"column":52},"end":{"line":26,"column":5}},"line":23},"3":{"name":"(anonymous_3)","decl":{"start":{"line":27,"column":4},"end":{"line":27,"column":5}},"loc":{"start":{"line":27,"column":26},"end":{"line":40,"column":5}},"line":27},"4":{"name":"(anonymous_4)","decl":{"start":{"line":41,"column":4},"end":{"line":41,"column":5}},"loc":{"start":{"line":41,"column":44},"end":{"line":43,"column":5}},"line":41},"5":{"name":"(anonymous_5)","decl":{"start":{"line":44,"column":4},"end":{"line":44,"column":5}},"loc":{"start":{"line":44,"column":33},"end":{"line":63,"column":5}},"line":44},"6":{"name":"(anonymous_6)","decl":{"start":{"line":67,"column":4},"end":{"line":67,"column":5}},"loc":{"start":{"line":67,"column":44},"end":{"line":69,"column":5}},"line":67}},"branchMap":{"0":{"loc":{"start":{"line":2,"column":22},"end":{"line":4,"column":1}},"type":"binary-expr","locations":[{"start":{"line":2,"column":23},"end":{"line":2,"column":27}},{"start":{"line":2,"column":31},"end":{"line":2,"column":51}},{"start":{"line":2,"column":56},"end":{"line":4,"column":1}}],"line":2},"1":{"loc":{"start":{"line":3,"column":11},"end":{"line":3,"column":61}},"type":"cond-expr","locations":[{"start":{"line":3,"column":37},"end":{"line":3,"column":40}},{"start":{"line":3,"column":43},"end":{"line":3,"column":61}}],"line":3},"2":{"loc":{"start":{"line":3,"column":12},"end":{"line":3,"column":33}},"type":"binary-expr","locations":[{"start":{"line":3,"column":12},"end":{"line":3,"column":15}},{"start":{"line":3,"column":19},"end":{"line":3,"column":33}}],"line":3},"3":{"loc":{"start":{"line":14,"column":33},"end":{"line":14,"column":74}},"type":"cond-expr","locations":[{"start":{"line":14,"column":57},"end":{"line":14,"column":65}},{"start":{"line":14,"column":68},"end":{"line":14,"column":74}}],"line":14},"4":{"loc":{"start":{"line":15,"column":36},"end":{"line":15,"column":66}},"type":"cond-expr","locations":[{"start":{"line":15,"column":60},"end":{"line":15,"column":62}},{"start":{"line":15,"column":65},"end":{"line":15,"column":66}}],"line":15},"5":{"loc":{"start":{"line":18,"column":33},"end":{"line":18,"column":74}},"type":"cond-expr","locations":[{"start":{"line":18,"column":57},"end":{"line":18,"column":65}},{"start":{"line":18,"column":68},"end":{"line":18,"column":74}}],"line":18},"6":{"loc":{"start":{"line":19,"column":36},"end":{"line":19,"column":66}},"type":"cond-expr","locations":[{"start":{"line":19,"column":60},"end":{"line":19,"column":62}},{"start":{"line":19,"column":65},"end":{"line":19,"column":66}}],"line":19},"7":{"loc":{"start":{"line":29,"column":8},"end":{"line":31,"column":9}},"type":"if","locations":[{"start":{"line":29,"column":8},"end":{"line":31,"column":9}},{"start":{},"end":{}}],"line":29},"8":{"loc":{"start":{"line":33,"column":8},"end":{"line":35,"column":9}},"type":"if","locations":[{"start":{"line":33,"column":8},"end":{"line":35,"column":9}},{"start":{},"end":{}}],"line":33},"9":{"loc":{"start":{"line":37,"column":8},"end":{"line":39,"column":9}},"type":"if","locations":[{"start":{"line":37,"column":8},"end":{"line":39,"column":9}},{"start":{},"end":{}}],"line":37},"10":{"loc":{"start":{"line":45,"column":8},"end":{"line":47,"column":9}},"type":"if","locations":[{"start":{"line":45,"column":8},"end":{"line":47,"column":9}},{"start":{},"end":{}}],"line":45},"11":{"loc":{"start":{"line":48,"column":8},"end":{"line":62,"column":9}},"type":"if","locations":[{"start":{"line":48,"column":8},"end":{"line":62,"column":9}},{"start":{"line":54,"column":13},"end":{"line":62,"column":9}}],"line":48},"12":{"loc":{"start":{"line":50,"column":33},"end":{"line":50,"column":74}},"type":"cond-expr","locations":[{"start":{"line":50,"column":57},"end":{"line":50,"column":65}},{"start":{"line":50,"column":68},"end":{"line":50,"column":74}}],"line":50},"13":{"loc":{"start":{"line":51,"column":39},"end":{"line":51,"column":69}},"type":"cond-expr","locations":[{"start":{"line":51,"column":63},"end":{"line":51,"column":65}},{"start":{"line":51,"column":68},"end":{"line":51,"column":69}}],"line":51},"14":{"loc":{"start":{"line":54,"column":13},"end":{"line":62,"column":9}},"type":"if","locations":[{"start":{"line":54,"column":13},"end":{"line":62,"column":9}},{"start":{"line":60,"column":13},"end":{"line":62,"column":9}}],"line":54},"15":{"loc":{"start":{"line":56,"column":33},"end":{"line":56,"column":74}},"type":"cond-expr","locations":[{"start":{"line":56,"column":57},"end":{"line":56,"column":65}},{"start":{"line":56,"column":68},"end":{"line":56,"column":74}}],"line":56},"16":{"loc":{"start":{"line":57,"column":39},"end":{"line":57,"column":69}},"type":"cond-expr","locations":[{"start":{"line":57,"column":63},"end":{"line":57,"column":65}},{"start":{"line":57,"column":68},"end":{"line":57,"column":69}}],"line":57}},"s":{"0":6,"1":6,"2":6,"3":6,"4":6,"5":0,"6":0,"7":0,"8":0,"9":0,"10":0,"11":0,"12":0,"13":0,"14":0,"15":0,"16":0,"17":0,"18":0,"19":0,"20":0,"21":0,"22":0,"23":0,"24":0,"25":0,"26":0,"27":6,"28":0,"29":6},"f":{"0":6,"1":0,"2":0,"3":0,"4":0,"5":0,"6":0},"b":{"0":[6,6,6],"1":[6,0],"2":[6,6],"3":[0,0],"4":[0,0],"5":[0,0],"6":[0,0],"7":[0,0],"8":[0,0],"9":[0,0],"10":[0,0],"11":[0,0],"12":[0,0],"13":[0,0],"14":[0,0],"15":[0,0],"16":[0,0]},"_coverageSchema":"1a1c01bbd47fc00a2c39e90264f33305004495a9","hash":"837a13deb8235d68739c1d079a963265b6e346ee"}
,"C:\\Users\\ondra\\OneDrive - Gymnázium Opatov, Praha 4, Konstantinova 1500\\Plocha\\restful-sachy\\restful_-achy\\server\\dist\\pieces\\bishop.js": {"path":"C:\\Users\\ondra\\OneDrive - Gymnázium Opatov, Praha 4, Konstantinova 1500\\Plocha\\restful-sachy\\restful_-achy\\server\\dist\\pieces\\bishop.js","statementMap":{"0":{"start":{"line":2,"column":22},"end":{"line":4,"column":1}},"1":{"start":{"line":3,"column":4},"end":{"line":3,"column":62}},"2":{"start":{"line":5,"column":0},"end":{"line":5,"column":62}},"3":{"start":{"line":6,"column":24},"end":{"line":6,"column":88}},"4":{"start":{"line":7,"column":23},"end":{"line":7,"column":65}},"5":{"start":{"line":10,"column":8},"end":{"line":10,"column":28}},"6":{"start":{"line":11,"column":8},"end":{"line":11,"column":58}},"7":{"start":{"line":12,"column":8},"end":{"line":12,"column":61}},"8":{"start":{"line":13,"column":8},"end":{"line":13,"column":77}},"9":{"start":{"line":16,"column":0},"end":{"line":16,"column":25}}},"fnMap":{"0":{"name":"(anonymous_0)","decl":{"start":{"line":2,"column":56},"end":{"line":2,"column":57}},"loc":{"start":{"line":2,"column":71},"end":{"line":4,"column":1}},"line":2},"1":{"name":"(anonymous_1)","decl":{"start":{"line":9,"column":4},"end":{"line":9,"column":5}},"loc":{"start":{"line":9,"column":30},"end":{"line":14,"column":5}},"line":9}},"branchMap":{"0":{"loc":{"start":{"line":2,"column":22},"end":{"line":4,"column":1}},"type":"binary-expr","locations":[{"start":{"line":2,"column":23},"end":{"line":2,"column":27}},{"start":{"line":2,"column":31},"end":{"line":2,"column":51}},{"start":{"line":2,"column":56},"end":{"line":4,"column":1}}],"line":2},"1":{"loc":{"start":{"line":3,"column":11},"end":{"line":3,"column":61}},"type":"cond-expr","locations":[{"start":{"line":3,"column":37},"end":{"line":3,"column":40}},{"start":{"line":3,"column":43},"end":{"line":3,"column":61}}],"line":3},"2":{"loc":{"start":{"line":3,"column":12},"end":{"line":3,"column":33}},"type":"binary-expr","locations":[{"start":{"line":3,"column":12},"end":{"line":3,"column":15}},{"start":{"line":3,"column":19},"end":{"line":3,"column":33}}],"line":3},"3":{"loc":{"start":{"line":11,"column":28},"end":{"line":11,"column":57}},"type":"cond-expr","locations":[{"start":{"line":11,"column":48},"end":{"line":11,"column":51}},{"start":{"line":11,"column":54},"end":{"line":11,"column":57}}],"line":11}},"s":{"0":6,"1":12,"2":6,"3":6,"4":6,"5":0,"6":0,"7":0,"8":0,"9":6},"f":{"0":12,"1":0},"b":{"0":[6,6,6],"1":[12,0],"2":[12,12],"3":[0,0]},"_coverageSchema":"1a1c01bbd47fc00a2c39e90264f33305004495a9","hash":"325cc0a493b4ea5f30ed61afd023b22f9d73aec3"}
,"C:\\Users\\ondra\\OneDrive - Gymnázium Opatov, Praha 4, Konstantinova 1500\\Plocha\\restful-sachy\\restful_-achy\\server\\dist\\pieces\\defaultPiece.js": {"path":"C:\\Users\\ondra\\OneDrive - Gymnázium Opatov, Praha 4, Konstantinova 1500\\Plocha\\restful-sachy\\restful_-achy\\server\\dist\\pieces\\defaultPiece.js","statementMap":{"0":{"start":{"line":2,"column":0},"end":{"line":2,"column":62}},"1":{"start":{"line":5,"column":8},"end":{"line":5,"column":27}},"2":{"start":{"line":6,"column":8},"end":{"line":6,"column":27}},"3":{"start":{"line":7,"column":8},"end":{"line":7,"column":27}},"4":{"start":{"line":8,"column":8},"end":{"line":8,"column":26}},"5":{"start":{"line":9,"column":8},"end":{"line":9,"column":58}},"6":{"start":{"line":10,"column":8},"end":{"line":10,"column":36}},"7":{"start":{"line":11,"column":8},"end":{"line":11,"column":37}},"8":{"start":{"line":14,"column":8},"end":{"line":14,"column":36}},"9":{"start":{"line":15,"column":8},"end":{"line":15,"column":26}},"10":{"start":{"line":18,"column":8},"end":{"line":18,"column":26}},"11":{"start":{"line":22,"column":8},"end":{"line":24,"column":9}},"12":{"start":{"line":23,"column":12},"end":{"line":23,"column":64}},"13":{"start":{"line":27,"column":8},"end":{"line":31,"column":9}},"14":{"start":{"line":28,"column":12},"end":{"line":30,"column":13}},"15":{"start":{"line":29,"column":16},"end":{"line":29,"column":28}},"16":{"start":{"line":32,"column":8},"end":{"line":32,"column":21}},"17":{"start":{"line":35,"column":0},"end":{"line":35,"column":24}}},"fnMap":{"0":{"name":"(anonymous_0)","decl":{"start":{"line":4,"column":4},"end":{"line":4,"column":5}},"loc":{"start":{"line":4,"column":126},"end":{"line":12,"column":5}},"line":4},"1":{"name":"(anonymous_1)","decl":{"start":{"line":13,"column":4},"end":{"line":13,"column":5}},"loc":{"start":{"line":13,"column":38},"end":{"line":16,"column":5}},"line":13},"2":{"name":"(anonymous_2)","decl":{"start":{"line":17,"column":4},"end":{"line":17,"column":5}},"loc":{"start":{"line":17,"column":15},"end":{"line":19,"column":5}},"line":17},"3":{"name":"(anonymous_3)","decl":{"start":{"line":20,"column":4},"end":{"line":20,"column":5}},"loc":{"start":{"line":20,"column":37},"end":{"line":25,"column":5}},"line":20},"4":{"name":"(anonymous_4)","decl":{"start":{"line":26,"column":4},"end":{"line":26,"column":5}},"loc":{"start":{"line":26,"column":34},"end":{"line":33,"column":5}},"line":26}},"branchMap":{"0":{"loc":{"start":{"line":4,"column":30},"end":{"line":4,"column":124}},"type":"default-arg","locations":[{"start":{"line":4,"column":43},"end":{"line":4,"column":124}}],"line":4},"1":{"loc":{"start":{"line":9,"column":28},"end":{"line":9,"column":57}},"type":"cond-expr","locations":[{"start":{"line":9,"column":48},"end":{"line":9,"column":51}},{"start":{"line":9,"column":54},"end":{"line":9,"column":57}}],"line":9},"2":{"loc":{"start":{"line":22,"column":8},"end":{"line":24,"column":9}},"type":"if","locations":[{"start":{"line":22,"column":8},"end":{"line":24,"column":9}},{"start":{},"end":{}}],"line":22},"3":{"loc":{"start":{"line":28,"column":12},"end":{"line":30,"column":13}},"type":"if","locations":[{"start":{"line":28,"column":12},"end":{"line":30,"column":13}},{"start":{},"end":{}}],"line":28}},"s":{"0":6,"1":0,"2":0,"3":0,"4":0,"5":0,"6":0,"7":0,"8":0,"9":0,"10":0,"11":0,"12":0,"13":0,"14":0,"15":0,"16":0,"17":6},"f":{"0":0,"1":0,"2":0,"3":0,"4":0},"b":{"0":[0],"1":[0,0],"2":[0,0],"3":[0,0]},"_coverageSchema":"1a1c01bbd47fc00a2c39e90264f33305004495a9","hash":"4965b97decb305b408944fa22ed6a7778625f2ba"}
,"C:\\Users\\ondra\\OneDrive - Gymnázium Opatov, Praha 4, Konstantinova 1500\\Plocha\\restful-sachy\\restful_-achy\\server\\dist\\pieces\\king.js": {"path":"C:\\Users\\ondra\\OneDrive - Gymnázium Opatov, Praha 4, Konstantinova 1500\\Plocha\\restful-sachy\\restful_-achy\\server\\dist\\pieces\\king.js","statementMap":{"0":{"start":{"line":2,"column":22},"end":{"line":4,"column":1}},"1":{"start":{"line":3,"column":4},"end":{"line":3,"column":62}},"2":{"start":{"line":5,"column":0},"end":{"line":5,"column":62}},"3":{"start":{"line":6,"column":19},"end":{"line":6,"column":87}},"4":{"start":{"line":7,"column":28},"end":{"line":7,"column":105}},"5":{"start":{"line":8,"column":24},"end":{"line":8,"column":88}},"6":{"start":{"line":9,"column":27},"end":{"line":9,"column":94}},"7":{"start":{"line":12,"column":8},"end":{"line":12,"column":28}},"8":{"start":{"line":13,"column":8},"end":{"line":13,"column":58}},"9":{"start":{"line":14,"column":8},"end":{"line":14,"column":109}},"10":{"start":{"line":15,"column":8},"end":{"line":15,"column":23}},"11":{"start":{"line":18,"column":0},"end":{"line":18,"column":23}}},"fnMap":{"0":{"name":"(anonymous_0)","decl":{"start":{"line":2,"column":56},"end":{"line":2,"column":57}},"loc":{"start":{"line":2,"column":71},"end":{"line":4,"column":1}},"line":2},"1":{"name":"(anonymous_1)","decl":{"start":{"line":11,"column":4},"end":{"line":11,"column":5}},"loc":{"start":{"line":11,"column":30},"end":{"line":16,"column":5}},"line":11}},"branchMap":{"0":{"loc":{"start":{"line":2,"column":22},"end":{"line":4,"column":1}},"type":"binary-expr","locations":[{"start":{"line":2,"column":23},"end":{"line":2,"column":27}},{"start":{"line":2,"column":31},"end":{"line":2,"column":51}},{"start":{"line":2,"column":56},"end":{"line":4,"column":1}}],"line":2},"1":{"loc":{"start":{"line":3,"column":11},"end":{"line":3,"column":61}},"type":"cond-expr","locations":[{"start":{"line":3,"column":37},"end":{"line":3,"column":40}},{"start":{"line":3,"column":43},"end":{"line":3,"column":61}}],"line":3},"2":{"loc":{"start":{"line":3,"column":12},"end":{"line":3,"column":33}},"type":"binary-expr","locations":[{"start":{"line":3,"column":12},"end":{"line":3,"column":15}},{"start":{"line":3,"column":19},"end":{"line":3,"column":33}}],"line":3},"3":{"loc":{"start":{"line":13,"column":28},"end":{"line":13,"column":57}},"type":"cond-expr","locations":[{"start":{"line":13,"column":48},"end":{"line":13,"column":51}},{"start":{"line":13,"column":54},"end":{"line":13,"column":57}}],"line":13}},"s":{"0":6,"1":24,"2":6,"3":6,"4":6,"5":6,"6":6,"7":0,"8":0,"9":0,"10":0,"11":6},"f":{"0":24,"1":0},"b":{"0":[6,6,6],"1":[24,0],"2":[24,24],"3":[0,0]},"_coverageSchema":"1a1c01bbd47fc00a2c39e90264f33305004495a9","hash":"c2fea04539ca8e7bd51c59efb4d6b4a9e140d3c5"}
,"C:\\Users\\ondra\\OneDrive - Gymnázium Opatov, Praha 4, Konstantinova 1500\\Plocha\\restful-sachy\\restful_-achy\\server\\dist\\pieces\\knight.js": {"path":"C:\\Users\\ondra\\OneDrive - Gymnázium Opatov, Praha 4, Konstantinova 1500\\Plocha\\restful-sachy\\restful_-achy\\server\\dist\\pieces\\knight.js","statementMap":{"0":{"start":{"line":2,"column":22},"end":{"line":4,"column":1}},"1":{"start":{"line":3,"column":4},"end":{"line":3,"column":62}},"2":{"start":{"line":5,"column":0},"end":{"line":5,"column":62}},"3":{"start":{"line":6,"column":23},"end":{"line":6,"column":86}},"4":{"start":{"line":7,"column":23},"end":{"line":7,"column":65}},"5":{"start":{"line":10,"column":8},"end":{"line":10,"column":28}},"6":{"start":{"line":11,"column":8},"end":{"line":11,"column":58}},"7":{"start":{"line":12,"column":8},"end":{"line":12,"column":60}},"8":{"start":{"line":15,"column":0},"end":{"line":15,"column":25}}},"fnMap":{"0":{"name":"(anonymous_0)","decl":{"start":{"line":2,"column":56},"end":{"line":2,"column":57}},"loc":{"start":{"line":2,"column":71},"end":{"line":4,"column":1}},"line":2},"1":{"name":"(anonymous_1)","decl":{"start":{"line":9,"column":4},"end":{"line":9,"column":5}},"loc":{"start":{"line":9,"column":30},"end":{"line":13,"column":5}},"line":9}},"branchMap":{"0":{"loc":{"start":{"line":2,"column":22},"end":{"line":4,"column":1}},"type":"binary-expr","locations":[{"start":{"line":2,"column":23},"end":{"line":2,"column":27}},{"start":{"line":2,"column":31},"end":{"line":2,"column":51}},{"start":{"line":2,"column":56},"end":{"line":4,"column":1}}],"line":2},"1":{"loc":{"start":{"line":3,"column":11},"end":{"line":3,"column":61}},"type":"cond-expr","locations":[{"start":{"line":3,"column":37},"end":{"line":3,"column":40}},{"start":{"line":3,"column":43},"end":{"line":3,"column":61}}],"line":3},"2":{"loc":{"start":{"line":3,"column":12},"end":{"line":3,"column":33}},"type":"binary-expr","locations":[{"start":{"line":3,"column":12},"end":{"line":3,"column":15}},{"start":{"line":3,"column":19},"end":{"line":3,"column":33}}],"line":3},"3":{"loc":{"start":{"line":11,"column":28},"end":{"line":11,"column":57}},"type":"cond-expr","locations":[{"start":{"line":11,"column":48},"end":{"line":11,"column":51}},{"start":{"line":11,"column":54},"end":{"line":11,"column":57}}],"line":11}},"s":{"0":6,"1":12,"2":6,"3":6,"4":6,"5":0,"6":0,"7":0,"8":6},"f":{"0":12,"1":0},"b":{"0":[6,6,6],"1":[12,0],"2":[12,12],"3":[0,0]},"_coverageSchema":"1a1c01bbd47fc00a2c39e90264f33305004495a9","hash":"97952c6ca1d0a1ed3b443f9fd7be6debd5a5c23b"}
,"C:\\Users\\ondra\\OneDrive - Gymnázium Opatov, Praha 4, Konstantinova 1500\\Plocha\\restful-sachy\\restful_-achy\\server\\dist\\pieces\\pawn.js": {"path":"C:\\Users\\ondra\\OneDrive - Gymnázium Opatov, Praha 4, Konstantinova 1500\\Plocha\\restful-sachy\\restful_-achy\\server\\dist\\pieces\\pawn.js","statementMap":{"0":{"start":{"line":2,"column":22},"end":{"line":4,"column":1}},"1":{"start":{"line":3,"column":4},"end":{"line":3,"column":62}},"2":{"start":{"line":5,"column":0},"end":{"line":5,"column":62}},"3":{"start":{"line":6,"column":34},"end":{"line":6,"column":108}},"4":{"start":{"line":7,"column":32},"end":{"line":7,"column":104}},"5":{"start":{"line":8,"column":23},"end":{"line":8,"column":65}},"6":{"start":{"line":11,"column":8},"end":{"line":11,"column":28}},"7":{"start":{"line":12,"column":8},"end":{"line":12,"column":114}},"8":{"start":{"line":13,"column":8},"end":{"line":13,"column":58}},"9":{"start":{"line":14,"column":8},"end":{"line":14,"column":104}},"10":{"start":{"line":15,"column":8},"end":{"line":15,"column":23}},"11":{"start":{"line":18,"column":0},"end":{"line":18,"column":23}}},"fnMap":{"0":{"name":"(anonymous_0)","decl":{"start":{"line":2,"column":56},"end":{"line":2,"column":57}},"loc":{"start":{"line":2,"column":71},"end":{"line":4,"column":1}},"line":2},"1":{"name":"(anonymous_1)","decl":{"start":{"line":10,"column":4},"end":{"line":10,"column":5}},"loc":{"start":{"line":10,"column":30},"end":{"line":16,"column":5}},"line":10}},"branchMap":{"0":{"loc":{"start":{"line":2,"column":22},"end":{"line":4,"column":1}},"type":"binary-expr","locations":[{"start":{"line":2,"column":23},"end":{"line":2,"column":27}},{"start":{"line":2,"column":31},"end":{"line":2,"column":51}},{"start":{"line":2,"column":56},"end":{"line":4,"column":1}}],"line":2},"1":{"loc":{"start":{"line":3,"column":11},"end":{"line":3,"column":61}},"type":"cond-expr","locations":[{"start":{"line":3,"column":37},"end":{"line":3,"column":40}},{"start":{"line":3,"column":43},"end":{"line":3,"column":61}}],"line":3},"2":{"loc":{"start":{"line":3,"column":12},"end":{"line":3,"column":33}},"type":"binary-expr","locations":[{"start":{"line":3,"column":12},"end":{"line":3,"column":15}},{"start":{"line":3,"column":19},"end":{"line":3,"column":33}}],"line":3},"3":{"loc":{"start":{"line":12,"column":26},"end":{"line":12,"column":113}},"type":"cond-expr","locations":[{"start":{"line":12,"column":46},"end":{"line":12,"column":75}},{"start":{"line":12,"column":78},"end":{"line":12,"column":113}}],"line":12},"4":{"loc":{"start":{"line":13,"column":28},"end":{"line":13,"column":57}},"type":"cond-expr","locations":[{"start":{"line":13,"column":48},"end":{"line":13,"column":51}},{"start":{"line":13,"column":54},"end":{"line":13,"column":57}}],"line":13}},"s":{"0":6,"1":18,"2":6,"3":6,"4":6,"5":6,"6":0,"7":0,"8":0,"9":0,"10":0,"11":6},"f":{"0":18,"1":0},"b":{"0":[6,6,6],"1":[18,0],"2":[18,18],"3":[0,0],"4":[0,0]},"_coverageSchema":"1a1c01bbd47fc00a2c39e90264f33305004495a9","hash":"70bb7fbb20eed08056d3ba5c88256ef5d5818111"}
,"C:\\Users\\ondra\\OneDrive - Gymnázium Opatov, Praha 4, Konstantinova 1500\\Plocha\\restful-sachy\\restful_-achy\\server\\dist\\pieces\\queen.js": {"path":"C:\\Users\\ondra\\OneDrive - Gymnázium Opatov, Praha 4, Konstantinova 1500\\Plocha\\restful-sachy\\restful_-achy\\server\\dist\\pieces\\queen.js","statementMap":{"0":{"start":{"line":2,"column":22},"end":{"line":4,"column":1}},"1":{"start":{"line":3,"column":4},"end":{"line":3,"column":62}},"2":{"start":{"line":5,"column":0},"end":{"line":5,"column":62}},"3":{"start":{"line":6,"column":24},"end":{"line":6,"column":88}},"4":{"start":{"line":7,"column":27},"end":{"line":7,"column":94}},"5":{"start":{"line":8,"column":23},"end":{"line":8,"column":65}},"6":{"start":{"line":11,"column":8},"end":{"line":11,"column":28}},"7":{"start":{"line":12,"column":8},"end":{"line":12,"column":58}},"8":{"start":{"line":13,"column":8},"end":{"line":13,"column":89}},"9":{"start":{"line":14,"column":8},"end":{"line":14,"column":23}},"10":{"start":{"line":17,"column":0},"end":{"line":17,"column":24}}},"fnMap":{"0":{"name":"(anonymous_0)","decl":{"start":{"line":2,"column":56},"end":{"line":2,"column":57}},"loc":{"start":{"line":2,"column":71},"end":{"line":4,"column":1}},"line":2},"1":{"name":"(anonymous_1)","decl":{"start":{"line":10,"column":4},"end":{"line":10,"column":5}},"loc":{"start":{"line":10,"column":30},"end":{"line":15,"column":5}},"line":10}},"branchMap":{"0":{"loc":{"start":{"line":2,"column":22},"end":{"line":4,"column":1}},"type":"binary-expr","locations":[{"start":{"line":2,"column":23},"end":{"line":2,"column":27}},{"start":{"line":2,"column":31},"end":{"line":2,"column":51}},{"start":{"line":2,"column":56},"end":{"line":4,"column":1}}],"line":2},"1":{"loc":{"start":{"line":3,"column":11},"end":{"line":3,"column":61}},"type":"cond-expr","locations":[{"start":{"line":3,"column":37},"end":{"line":3,"column":40}},{"start":{"line":3,"column":43},"end":{"line":3,"column":61}}],"line":3},"2":{"loc":{"start":{"line":3,"column":12},"end":{"line":3,"column":33}},"type":"binary-expr","locations":[{"start":{"line":3,"column":12},"end":{"line":3,"column":15}},{"start":{"line":3,"column":19},"end":{"line":3,"column":33}}],"line":3},"3":{"loc":{"start":{"line":12,"column":28},"end":{"line":12,"column":57}},"type":"cond-expr","locations":[{"start":{"line":12,"column":48},"end":{"line":12,"column":51}},{"start":{"line":12,"column":54},"end":{"line":12,"column":57}}],"line":12}},"s":{"0":6,"1":18,"2":6,"3":6,"4":6,"5":6,"6":0,"7":0,"8":0,"9":0,"10":6},"f":{"0":18,"1":0},"b":{"0":[6,6,6],"1":[18,0],"2":[18,18],"3":[0,0]},"_coverageSchema":"1a1c01bbd47fc00a2c39e90264f33305004495a9","hash":"d1d8b5fe3f1a183d938a9eb32da80bdffc77cc9b"}
,"C:\\Users\\ondra\\OneDrive - Gymnázium Opatov, Praha 4, Konstantinova 1500\\Plocha\\restful-sachy\\restful_-achy\\server\\dist\\pieces\\rook.js": {"path":"C:\\Users\\ondra\\OneDrive - Gymnázium Opatov, Praha 4, Konstantinova 1500\\Plocha\\restful-sachy\\restful_-achy\\server\\dist\\pieces\\rook.js","statementMap":{"0":{"start":{"line":2,"column":22},"end":{"line":12,"column":3}},"1":{"start":{"line":3,"column":4},"end":{"line":3,"column":33}},"2":{"start":{"line":3,"column":26},"end":{"line":3,"column":33}},"3":{"start":{"line":4,"column":15},"end":{"line":4,"column":52}},"4":{"start":{"line":5,"column":4},"end":{"line":7,"column":5}},"5":{"start":{"line":6,"column":6},"end":{"line":6,"column":68}},"6":{"start":{"line":6,"column":51},"end":{"line":6,"column":63}},"7":{"start":{"line":8,"column":4},"end":{"line":8,"column":39}},"8":{"start":{"line":10,"column":4},"end":{"line":10,"column":33}},"9":{"start":{"line":10,"column":26},"end":{"line":10,"column":33}},"10":{"start":{"line":11,"column":4},"end":{"line":11,"column":17}},"11":{"start":{"line":13,"column":25},"end":{"line":17,"column":2}},"12":{"start":{"line":14,"column":4},"end":{"line":14,"column":72}},"13":{"start":{"line":16,"column":4},"end":{"line":16,"column":21}},"14":{"start":{"line":18,"column":19},"end":{"line":24,"column":1}},"15":{"start":{"line":19,"column":4},"end":{"line":19,"column":42}},"16":{"start":{"line":19,"column":31},"end":{"line":19,"column":42}},"17":{"start":{"line":20,"column":17},"end":{"line":20,"column":19}},"18":{"start":{"line":21,"column":4},"end":{"line":21,"column":141}},"19":{"start":{"line":21,"column":21},"end":{"line":21,"column":141}},"20":{"start":{"line":21,"column":40},"end":{"line":21,"column":141}},"21":{"start":{"line":21,"column":109},"end":{"line":21,"column":141}},"22":{"start":{"line":22,"column":4},"end":{"line":22,"column":36}},"23":{"start":{"line":23,"column":4},"end":{"line":23,"column":18}},"24":{"start":{"line":25,"column":22},"end":{"line":27,"column":1}},"25":{"start":{"line":26,"column":4},"end":{"line":26,"column":62}},"26":{"start":{"line":28,"column":0},"end":{"line":28,"column":62}},"27":{"start":{"line":29,"column":28},"end":{"line":29,"column":102}},"28":{"start":{"line":30,"column":27},"end":{"line":30,"column":94}},"29":{"start":{"line":31,"column":23},"end":{"line":31,"column":65}},"30":{"start":{"line":34,"column":8},"end":{"line":34,"column":28}},"31":{"start":{"line":35,"column":8},"end":{"line":35,"column":81}},"32":{"start":{"line":36,"column":8},"end":{"line":36,"column":58}},"33":{"start":{"line":37,"column":8},"end":{"line":37,"column":64}},"34":{"start":{"line":38,"column":8},"end":{"line":38,"column":58}},"35":{"start":{"line":41,"column":0},"end":{"line":41,"column":23}}},"fnMap":{"0":{"name":"(anonymous_0)","decl":{"start":{"line":2,"column":74},"end":{"line":2,"column":75}},"loc":{"start":{"line":2,"column":96},"end":{"line":9,"column":1}},"line":2},"1":{"name":"(anonymous_1)","decl":{"start":{"line":6,"column":38},"end":{"line":6,"column":39}},"loc":{"start":{"line":6,"column":49},"end":{"line":6,"column":65}},"line":6},"2":{"name":"(anonymous_2)","decl":{"start":{"line":9,"column":6},"end":{"line":9,"column":7}},"loc":{"start":{"line":9,"column":28},"end":{"line":12,"column":1}},"line":9},"3":{"name":"(anonymous_3)","decl":{"start":{"line":13,"column":80},"end":{"line":13,"column":81}},"loc":{"start":{"line":13,"column":95},"end":{"line":15,"column":1}},"line":13},"4":{"name":"(anonymous_4)","decl":{"start":{"line":15,"column":5},"end":{"line":15,"column":6}},"loc":{"start":{"line":15,"column":20},"end":{"line":17,"column":1}},"line":15},"5":{"name":"(anonymous_5)","decl":{"start":{"line":18,"column":50},"end":{"line":18,"column":51}},"loc":{"start":{"line":18,"column":65},"end":{"line":24,"column":1}},"line":18},"6":{"name":"(anonymous_6)","decl":{"start":{"line":25,"column":56},"end":{"line":25,"column":57}},"loc":{"start":{"line":25,"column":71},"end":{"line":27,"column":1}},"line":25},"7":{"name":"(anonymous_7)","decl":{"start":{"line":33,"column":4},"end":{"line":33,"column":5}},"loc":{"start":{"line":33,"column":30},"end":{"line":39,"column":5}},"line":33}},"branchMap":{"0":{"loc":{"start":{"line":2,"column":22},"end":{"line":12,"column":3}},"type":"binary-expr","locations":[{"start":{"line":2,"column":23},"end":{"line":2,"column":27}},{"start":{"line":2,"column":31},"end":{"line":2,"column":51}},{"start":{"line":2,"column":57},"end":{"line":12,"column":2}}],"line":2},"1":{"loc":{"start":{"line":2,"column":57},"end":{"line":12,"column":2}},"type":"cond-expr","locations":[{"start":{"line":2,"column":74},"end":{"line":9,"column":1}},{"start":{"line":9,"column":6},"end":{"line":12,"column":1}}],"line":2},"2":{"loc":{"start":{"line":3,"column":4},"end":{"line":3,"column":33}},"type":"if","locations":[{"start":{"line":3,"column":4},"end":{"line":3,"column":33}},{"start":{},"end":{}}],"line":3},"3":{"loc":{"start":{"line":5,"column":4},"end":{"line":7,"column":5}},"type":"if","locations":[{"start":{"line":5,"column":4},"end":{"line":7,"column":5}},{"start":{},"end":{}}],"line":5},"4":{"loc":{"start":{"line":5,"column":8},"end":{"line":5,"column":85}},"type":"binary-expr","locations":[{"start":{"line":5,"column":8},"end":{"line":5,"column":13}},{"start":{"line":5,"column":18},"end":{"line":5,"column":84}}],"line":5},"5":{"loc":{"start":{"line":5,"column":18},"end":{"line":5,"column":84}},"type":"cond-expr","locations":[{"start":{"line":5,"column":34},"end":{"line":5,"column":47}},{"start":{"line":5,"column":50},"end":{"line":5,"column":84}}],"line":5},"6":{"loc":{"start":{"line":5,"column":50},"end":{"line":5,"column":84}},"type":"binary-expr","locations":[{"start":{"line":5,"column":50},"end":{"line":5,"column":63}},{"start":{"line":5,"column":67},"end":{"line":5,"column":84}}],"line":5},"7":{"loc":{"start":{"line":10,"column":4},"end":{"line":10,"column":33}},"type":"if","locations":[{"start":{"line":10,"column":4},"end":{"line":10,"column":33}},{"start":{},"end":{}}],"line":10},"8":{"loc":{"start":{"line":13,"column":25},"end":{"line":17,"column":2}},"type":"binary-expr","locations":[{"start":{"line":13,"column":26},"end":{"line":13,"column":30}},{"start":{"line":13,"column":34},"end":{"line":13,"column":57}},{"start":{"line":13,"column":63},"end":{"line":17,"column":1}}],"line":13},"9":{"loc":{"start":{"line":13,"column":63},"end":{"line":17,"column":1}},"type":"cond-expr","locations":[{"start":{"line":13,"column":80},"end":{"line":15,"column":1}},{"start":{"line":15,"column":5},"end":{"line":17,"column":1}}],"line":13},"10":{"loc":{"start":{"line":18,"column":19},"end":{"line":24,"column":1}},"type":"binary-expr","locations":[{"start":{"line":18,"column":20},"end":{"line":18,"column":24}},{"start":{"line":18,"column":28},"end":{"line":18,"column":45}},{"start":{"line":18,"column":50},"end":{"line":24,"column":1}}],"line":18},"11":{"loc":{"start":{"line":19,"column":4},"end":{"line":19,"column":42}},"type":"if","locations":[{"start":{"line":19,"column":4},"end":{"line":19,"column":42}},{"start":{},"end":{}}],"line":19},"12":{"loc":{"start":{"line":19,"column":8},"end":{"line":19,"column":29}},"type":"binary-expr","locations":[{"start":{"line":19,"column":8},"end":{"line":19,"column":11}},{"start":{"line":19,"column":15},"end":{"line":19,"column":29}}],"line":19},"13":{"loc":{"start":{"line":21,"column":4},"end":{"line":21,"column":141}},"type":"if","locations":[{"start":{"line":21,"column":4},"end":{"line":21,"column":141}},{"start":{},"end":{}}],"line":21},"14":{"loc":{"start":{"line":21,"column":40},"end":{"line":21,"column":141}},"type":"if","locations":[{"start":{"line":21,"column":40},"end":{"line":21,"column":141}},{"start":{},"end":{}}],"line":21},"15":{"loc":{"start":{"line":21,"column":44},"end":{"line":21,"column":107}},"type":"binary-expr","locations":[{"start":{"line":21,"column":44},"end":{"line":21,"column":59}},{"start":{"line":21,"column":63},"end":{"line":21,"column":107}}],"line":21},"16":{"loc":{"start":{"line":25,"column":22},"end":{"line":27,"column":1}},"type":"binary-expr","locations":[{"start":{"line":25,"column":23},"end":{"line":25,"column":27}},{"start":{"line":25,"column":31},"end":{"line":25,"column":51}},{"start":{"line":25,"column":56},"end":{"line":27,"column":1}}],"line":25},"17":{"loc":{"start":{"line":26,"column":11},"end":{"line":26,"column":61}},"type":"cond-expr","locations":[{"start":{"line":26,"column":37},"end":{"line":26,"column":40}},{"start":{"line":26,"column":43},"end":{"line":26,"column":61}}],"line":26},"18":{"loc":{"start":{"line":26,"column":12},"end":{"line":26,"column":33}},"type":"binary-expr","locations":[{"start":{"line":26,"column":12},"end":{"line":26,"column":15}},{"start":{"line":26,"column":19},"end":{"line":26,"column":33}}],"line":26},"19":{"loc":{"start":{"line":36,"column":28},"end":{"line":36,"column":57}},"type":"cond-expr","locations":[{"start":{"line":36,"column":48},"end":{"line":36,"column":51}},{"start":{"line":36,"column":54},"end":{"line":36,"column":57}}],"line":36}},"s":{"0":6,"1":0,"2":0,"3":0,"4":0,"5":0,"6":0,"7":0,"8":0,"9":0,"10":0,"11":6,"12":0,"13":0,"14":6,"15":6,"16":6,"17":0,"18":0,"19":0,"20":0,"21":0,"22":0,"23":0,"24":6,"25":12,"26":6,"27":6,"28":6,"29":6,"30":0,"31":0,"32":0,"33":0,"34":0,"35":6},"f":{"0":0,"1":0,"2":0,"3":0,"4":0,"5":6,"6":12,"7":0},"b":{"0":[6,6,6],"1":[6,0],"2":[0,0],"3":[0,0],"4":[0,0],"5":[0,0],"6":[0,0],"7":[0,0],"8":[6,6,6],"9":[6,0],"10":[6,6,6],"11":[6,0],"12":[6,6],"13":[0,0],"14":[0,0],"15":[0,0],"16":[6,6,6],"17":[12,0],"18":[12,12],"19":[0,0]},"_coverageSchema":"1a1c01bbd47fc00a2c39e90264f33305004495a9","hash":"14dcada6e2d697e905bbf8a07afc374acfcb4a88"}
}
